{"/Users/patricklai/work/dm-hcard/assets/main.js": {"path":"/Users/patricklai/work/dm-hcard/assets/main.js","statementMap":{"0":{"start":{"line":1,"column":0},"end":{"line":1,"column":28319}},"1":{"start":{"line":1,"column":13},"end":{"line":1,"column":275}},"2":{"start":{"line":1,"column":69},"end":{"line":1,"column":88}},"3":{"start":{"line":1,"column":93},"end":{"line":1,"column":275}},"4":{"start":{"line":1,"column":134},"end":{"line":1,"column":147}},"5":{"start":{"line":1,"column":158},"end":{"line":1,"column":274}},"6":{"start":{"line":1,"column":288},"end":{"line":1,"column":28316}},"7":{"start":{"line":1,"column":329},"end":{"line":1,"column":629}},"8":{"start":{"line":1,"column":339},"end":{"line":1,"column":515}},"9":{"start":{"line":1,"column":355},"end":{"line":1,"column":390}},"10":{"start":{"line":1,"column":391},"end":{"line":1,"column":415}},"11":{"start":{"line":1,"column":400},"end":{"line":1,"column":415}},"12":{"start":{"line":1,"column":415},"end":{"line":1,"column":435}},"13":{"start":{"line":1,"column":420},"end":{"line":1,"column":435}},"14":{"start":{"line":1,"column":441},"end":{"line":1,"column":480}},"15":{"start":{"line":1,"column":481},"end":{"line":1,"column":514}},"16":{"start":{"line":1,"column":521},"end":{"line":1,"column":538}},"17":{"start":{"line":1,"column":539},"end":{"line":1,"column":628}},"18":{"start":{"line":1,"column":580},"end":{"line":1,"column":590}},"19":{"start":{"line":1,"column":591},"end":{"line":1,"column":606}},"20":{"start":{"line":1,"column":629},"end":{"line":1,"column":648}},"21":{"start":{"line":1,"column":649},"end":{"line":1,"column":722}},"22":{"start":{"line":1,"column":714},"end":{"line":1,"column":722}},"23":{"start":{"line":1,"column":722},"end":{"line":1,"column":730}},"24":{"start":{"line":1,"column":765},"end":{"line":1,"column":840}},"25":{"start":{"line":1,"column":855},"end":{"line":1,"column":881}},"26":{"start":{"line":1,"column":896},"end":{"line":1,"column":920}},"27":{"start":{"line":1,"column":935},"end":{"line":1,"column":969}},"28":{"start":{"line":1,"column":984},"end":{"line":1,"column":1001}},"29":{"start":{"line":1,"column":1002},"end":{"line":1,"column":4306}},"30":{"start":{"line":1,"column":1156},"end":{"line":1,"column":1227}},"31":{"start":{"line":1,"column":1180},"end":{"line":1,"column":1227}},"32":{"start":{"line":1,"column":1227},"end":{"line":1,"column":1259}},"33":{"start":{"line":1,"column":1306},"end":{"line":1,"column":1557}},"34":{"start":{"line":1,"column":1428},"end":{"line":1,"column":1473}},"35":{"start":{"line":1,"column":1465},"end":{"line":1,"column":1473}},"36":{"start":{"line":1,"column":1479},"end":{"line":1,"column":1536}},"37":{"start":{"line":1,"column":1537},"end":{"line":1,"column":1556}},"38":{"start":{"line":1,"column":1557},"end":{"line":1,"column":1592}},"39":{"start":{"line":1,"column":1583},"end":{"line":1,"column":1592}},"40":{"start":{"line":1,"column":1592},"end":{"line":1,"column":1921}},"41":{"start":{"line":1,"column":1600},"end":{"line":1,"column":1808}},"42":{"start":{"line":1,"column":1632},"end":{"line":1,"column":1645}},"43":{"start":{"line":1,"column":1645},"end":{"line":1,"column":1651}},"44":{"start":{"line":1,"column":1658},"end":{"line":1,"column":1684}},"45":{"start":{"line":1,"column":1684},"end":{"line":1,"column":1690}},"46":{"start":{"line":1,"column":1697},"end":{"line":1,"column":1736}},"47":{"start":{"line":1,"column":1736},"end":{"line":1,"column":1742}},"48":{"start":{"line":1,"column":1750},"end":{"line":1,"column":1807}},"49":{"start":{"line":1,"column":1813},"end":{"line":1,"column":1921}},"50":{"start":{"line":1,"column":1821},"end":{"line":1,"column":1921}},"51":{"start":{"line":1,"column":1902},"end":{"line":1,"column":1921}},"52":{"start":{"line":1,"column":1921},"end":{"line":1,"column":1929}},"53":{"start":{"line":1,"column":1975},"end":{"line":1,"column":2031}},"54":{"start":{"line":1,"column":1984},"end":{"line":1,"column":2031}},"55":{"start":{"line":1,"column":2031},"end":{"line":1,"column":2660}},"56":{"start":{"line":1,"column":2745},"end":{"line":1,"column":2803}},"57":{"start":{"line":1,"column":2804},"end":{"line":1,"column":2860}},"58":{"start":{"line":1,"column":2813},"end":{"line":1,"column":2860}},"59":{"start":{"line":1,"column":2866},"end":{"line":1,"column":2868}},"60":{"start":{"line":1,"column":2869},"end":{"line":1,"column":2906}},"61":{"start":{"line":1,"column":2961},"end":{"line":1,"column":3017}},"62":{"start":{"line":1,"column":2970},"end":{"line":1,"column":3017}},"63":{"start":{"line":1,"column":3017},"end":{"line":1,"column":3064}},"64":{"start":{"line":1,"column":3052},"end":{"line":1,"column":3064}},"65":{"start":{"line":1,"column":3064},"end":{"line":1,"column":3452}},"66":{"start":{"line":1,"column":3138},"end":{"line":1,"column":3222}},"67":{"start":{"line":1,"column":3227},"end":{"line":1,"column":3452}},"68":{"start":{"line":1,"column":3236},"end":{"line":1,"column":3309}},"69":{"start":{"line":1,"column":3252},"end":{"line":1,"column":3309}},"70":{"start":{"line":1,"column":3299},"end":{"line":1,"column":3303}},"71":{"start":{"line":1,"column":3303},"end":{"line":1,"column":3308}},"72":{"start":{"line":1,"column":3309},"end":{"line":1,"column":3328}},"73":{"start":{"line":1,"column":3316},"end":{"line":1,"column":3328}},"74":{"start":{"line":1,"column":3328},"end":{"line":1,"column":3451}},"75":{"start":{"line":1,"column":3452},"end":{"line":1,"column":3463}},"76":{"start":{"line":1,"column":3516},"end":{"line":1,"column":3545}},"77":{"start":{"line":1,"column":3533},"end":{"line":1,"column":3545}},"78":{"start":{"line":1,"column":3545},"end":{"line":1,"column":3666}},"79":{"start":{"line":1,"column":3577},"end":{"line":1,"column":3666}},"80":{"start":{"line":1,"column":3666},"end":{"line":1,"column":3832}},"81":{"start":{"line":1,"column":3691},"end":{"line":1,"column":3762}},"82":{"start":{"line":1,"column":3713},"end":{"line":1,"column":3762}},"83":{"start":{"line":1,"column":3762},"end":{"line":1,"column":3831}},"84":{"start":{"line":1,"column":3832},"end":{"line":1,"column":3945}},"85":{"start":{"line":1,"column":3858},"end":{"line":1,"column":3883}},"86":{"start":{"line":1,"column":3888},"end":{"line":1,"column":3945}},"87":{"start":{"line":1,"column":3893},"end":{"line":1,"column":3945}},"88":{"start":{"line":1,"column":3908},"end":{"line":1,"column":3945}},"89":{"start":{"line":1,"column":3945},"end":{"line":1,"column":3979}},"90":{"start":{"line":1,"column":4021},"end":{"line":1,"column":4123}},"91":{"start":{"line":1,"column":4163},"end":{"line":1,"column":4240}},"92":{"start":{"line":1,"column":4186},"end":{"line":1,"column":4201}},"93":{"start":{"line":1,"column":4202},"end":{"line":1,"column":4219}},"94":{"start":{"line":1,"column":4210},"end":{"line":1,"column":4219}},"95":{"start":{"line":1,"column":4219},"end":{"line":1,"column":4239}},"96":{"start":{"line":1,"column":4224},"end":{"line":1,"column":4239}},"97":{"start":{"line":1,"column":4240},"end":{"line":1,"column":4248}},"98":{"start":{"line":1,"column":4280},"end":{"line":1,"column":4305}},"99":{"start":{"line":1,"column":4331},"end":{"line":1,"column":4373}},"100":{"start":{"line":1,"column":4418},"end":{"line":1,"column":6361}},"101":{"start":{"line":1,"column":4460},"end":{"line":1,"column":4537}},"102":{"start":{"line":1,"column":4481},"end":{"line":1,"column":4537}},"103":{"start":{"line":1,"column":4538},"end":{"line":1,"column":4554}},"104":{"start":{"line":1,"column":4560},"end":{"line":1,"column":4583}},"105":{"start":{"line":1,"column":4586},"end":{"line":1,"column":4591}},"106":{"start":{"line":1,"column":4594},"end":{"line":1,"column":6322}},"107":{"start":{"line":1,"column":4618},"end":{"line":1,"column":4722}},"108":{"start":{"line":1,"column":4723},"end":{"line":1,"column":6319}},"109":{"start":{"line":1,"column":4769},"end":{"line":1,"column":4785}},"110":{"start":{"line":1,"column":4786},"end":{"line":1,"column":4815}},"111":{"start":{"line":1,"column":4852},"end":{"line":1,"column":5021}},"112":{"start":{"line":1,"column":5055},"end":{"line":1,"column":5186}},"113":{"start":{"line":1,"column":5186},"end":{"line":1,"column":5561}},"114":{"start":{"line":1,"column":5220},"end":{"line":1,"column":5224}},"115":{"start":{"line":1,"column":5225},"end":{"line":1,"column":5560}},"116":{"start":{"line":1,"column":5596},"end":{"line":1,"column":5762}},"117":{"start":{"line":1,"column":5762},"end":{"line":1,"column":5871}},"118":{"start":{"line":1,"column":5766},"end":{"line":1,"column":5838}},"119":{"start":{"line":1,"column":5795},"end":{"line":1,"column":5838}},"120":{"start":{"line":1,"column":5847},"end":{"line":1,"column":5870}},"121":{"start":{"line":1,"column":5910},"end":{"line":1,"column":5936}},"122":{"start":{"line":1,"column":5978},"end":{"line":1,"column":6062}},"123":{"start":{"line":1,"column":6106},"end":{"line":1,"column":6179}},"124":{"start":{"line":1,"column":6135},"end":{"line":1,"column":6179}},"125":{"start":{"line":1,"column":6179},"end":{"line":1,"column":6224}},"126":{"start":{"line":1,"column":6266},"end":{"line":1,"column":6316}},"127":{"start":{"line":1,"column":6323},"end":{"line":1,"column":6334}},"128":{"start":{"line":1,"column":6419},"end":{"line":1,"column":6927}},"129":{"start":{"line":1,"column":6451},"end":{"line":1,"column":6888}},"130":{"start":{"line":1,"column":6477},"end":{"line":1,"column":6586}},"131":{"start":{"line":1,"column":6522},"end":{"line":1,"column":6586}},"132":{"start":{"line":1,"column":6586},"end":{"line":1,"column":6887}},"133":{"start":{"line":1,"column":6599},"end":{"line":1,"column":6863}},"134":{"start":{"line":1,"column":6613},"end":{"line":1,"column":6754}},"135":{"start":{"line":1,"column":6765},"end":{"line":1,"column":6778}},"136":{"start":{"line":1,"column":6781},"end":{"line":1,"column":6782}},"137":{"start":{"line":1,"column":6783},"end":{"line":1,"column":6862}},"138":{"start":{"line":1,"column":6846},"end":{"line":1,"column":6859}},"139":{"start":{"line":1,"column":6863},"end":{"line":1,"column":6886}},"140":{"start":{"line":1,"column":6889},"end":{"line":1,"column":6900}},"141":{"start":{"line":1,"column":6975},"end":{"line":1,"column":7025}},"142":{"start":{"line":1,"column":7039},"end":{"line":1,"column":7091}},"143":{"start":{"line":1,"column":7106},"end":{"line":1,"column":7147}},"144":{"start":{"line":1,"column":7124},"end":{"line":1,"column":7147}},"145":{"start":{"line":1,"column":7147},"end":{"line":1,"column":7210}},"146":{"start":{"line":1,"column":7174},"end":{"line":1,"column":7210}},"147":{"start":{"line":1,"column":7210},"end":{"line":1,"column":7299}},"148":{"start":{"line":1,"column":7214},"end":{"line":1,"column":7227}},"149":{"start":{"line":1,"column":7237},"end":{"line":1,"column":7298}},"150":{"start":{"line":1,"column":7241},"end":{"line":1,"column":7264}},"151":{"start":{"line":1,"column":7274},"end":{"line":1,"column":7297}},"152":{"start":{"line":1,"column":7314},"end":{"line":1,"column":7357}},"153":{"start":{"line":1,"column":7334},"end":{"line":1,"column":7357}},"154":{"start":{"line":1,"column":7357},"end":{"line":1,"column":7424}},"155":{"start":{"line":1,"column":7386},"end":{"line":1,"column":7424}},"156":{"start":{"line":1,"column":7424},"end":{"line":1,"column":7507}},"157":{"start":{"line":1,"column":7428},"end":{"line":1,"column":7439}},"158":{"start":{"line":1,"column":7449},"end":{"line":1,"column":7506}},"159":{"start":{"line":1,"column":7453},"end":{"line":1,"column":7474}},"160":{"start":{"line":1,"column":7484},"end":{"line":1,"column":7505}},"161":{"start":{"line":1,"column":7521},"end":{"line":1,"column":7575}},"162":{"start":{"line":1,"column":7589},"end":{"line":1,"column":7702}},"163":{"start":{"line":1,"column":7602},"end":{"line":1,"column":7606}},"164":{"start":{"line":1,"column":7607},"end":{"line":1,"column":7612}},"165":{"start":{"line":1,"column":7612},"end":{"line":1,"column":7685}},"166":{"start":{"line":1,"column":7635},"end":{"line":1,"column":7669}},"167":{"start":{"line":1,"column":7655},"end":{"line":1,"column":7669}},"168":{"start":{"line":1,"column":7669},"end":{"line":1,"column":7684}},"169":{"start":{"line":1,"column":7685},"end":{"line":1,"column":7701}},"170":{"start":{"line":1,"column":7719},"end":{"line":1,"column":7742}},"171":{"start":{"line":1,"column":7767},"end":{"line":1,"column":7779}},"172":{"start":{"line":1,"column":7780},"end":{"line":1,"column":7924}},"173":{"start":{"line":1,"column":7792},"end":{"line":1,"column":7854}},"174":{"start":{"line":1,"column":7796},"end":{"line":1,"column":7840}},"175":{"start":{"line":1,"column":7850},"end":{"line":1,"column":7853}},"176":{"start":{"line":1,"column":7854},"end":{"line":1,"column":7920}},"177":{"start":{"line":1,"column":7858},"end":{"line":1,"column":7906}},"178":{"start":{"line":1,"column":7916},"end":{"line":1,"column":7919}},"179":{"start":{"line":1,"column":7932},"end":{"line":1,"column":7934}},"180":{"start":{"line":1,"column":7937},"end":{"line":1,"column":7939}},"181":{"start":{"line":1,"column":7942},"end":{"line":1,"column":7944}},"182":{"start":{"line":1,"column":7945},"end":{"line":1,"column":8553}},"183":{"start":{"line":1,"column":7974},"end":{"line":1,"column":8003}},"184":{"start":{"line":1,"column":8004},"end":{"line":1,"column":8081}},"185":{"start":{"line":1,"column":8026},"end":{"line":1,"column":8081}},"186":{"start":{"line":1,"column":8061},"end":{"line":1,"column":8081}},"187":{"start":{"line":1,"column":8081},"end":{"line":1,"column":8121}},"188":{"start":{"line":1,"column":8150},"end":{"line":1,"column":8181}},"189":{"start":{"line":1,"column":8373},"end":{"line":1,"column":8424}},"190":{"start":{"line":1,"column":8443},"end":{"line":1,"column":8452}},"191":{"start":{"line":1,"column":8474},"end":{"line":1,"column":8523}},"192":{"start":{"line":1,"column":8544},"end":{"line":1,"column":8552}},"193":{"start":{"line":1,"column":8605},"end":{"line":1,"column":8633}},"194":{"start":{"line":1,"column":8624},"end":{"line":1,"column":8633}},"195":{"start":{"line":1,"column":8639},"end":{"line":1,"column":8641}},"196":{"start":{"line":1,"column":8642},"end":{"line":1,"column":8723}},"197":{"start":{"line":1,"column":8653},"end":{"line":1,"column":8723}},"198":{"start":{"line":1,"column":8668},"end":{"line":1,"column":8723}},"199":{"start":{"line":1,"column":8723},"end":{"line":1,"column":8743}},"200":{"start":{"line":1,"column":8758},"end":{"line":1,"column":8794}},"201":{"start":{"line":1,"column":8795},"end":{"line":1,"column":8844}},"202":{"start":{"line":1,"column":8850},"end":{"line":1,"column":8882}},"203":{"start":{"line":1,"column":8885},"end":{"line":1,"column":8889}},"204":{"start":{"line":1,"column":8892},"end":{"line":1,"column":8922}},"205":{"start":{"line":1,"column":8925},"end":{"line":1,"column":8929}},"206":{"start":{"line":1,"column":8932},"end":{"line":1,"column":9135}},"207":{"start":{"line":1,"column":8960},"end":{"line":1,"column":9023}},"208":{"start":{"line":1,"column":9047},"end":{"line":1,"column":9133}},"209":{"start":{"line":1,"column":9136},"end":{"line":1,"column":9147}},"210":{"start":{"line":1,"column":9235},"end":{"line":1,"column":11378}},"211":{"start":{"line":1,"column":9275},"end":{"line":1,"column":9311}},"212":{"start":{"line":1,"column":9328},"end":{"line":1,"column":9405}},"213":{"start":{"line":1,"column":9349},"end":{"line":1,"column":9405}},"214":{"start":{"line":1,"column":9422},"end":{"line":1,"column":9514}},"215":{"start":{"line":1,"column":9428},"end":{"line":1,"column":9514}},"216":{"start":{"line":1,"column":9514},"end":{"line":1,"column":9568}},"217":{"start":{"line":1,"column":9585},"end":{"line":1,"column":9708}},"218":{"start":{"line":1,"column":9619},"end":{"line":1,"column":9708}},"219":{"start":{"line":1,"column":9708},"end":{"line":1,"column":9883}},"220":{"start":{"line":1,"column":9884},"end":{"line":1,"column":9933}},"221":{"start":{"line":1,"column":9939},"end":{"line":1,"column":10181}},"222":{"start":{"line":1,"column":9966},"end":{"line":1,"column":10115}},"223":{"start":{"line":1,"column":10000},"end":{"line":1,"column":10004}},"224":{"start":{"line":1,"column":10005},"end":{"line":1,"column":10114}},"225":{"start":{"line":1,"column":10116},"end":{"line":1,"column":10178}},"226":{"start":{"line":1,"column":10139},"end":{"line":1,"column":10177}},"227":{"start":{"line":1,"column":10184},"end":{"line":1,"column":10258}},"228":{"start":{"line":1,"column":10261},"end":{"line":1,"column":10265}},"229":{"start":{"line":1,"column":10268},"end":{"line":1,"column":10295}},"230":{"start":{"line":1,"column":10298},"end":{"line":1,"column":10302}},"231":{"start":{"line":1,"column":10305},"end":{"line":1,"column":10335}},"232":{"start":{"line":1,"column":10338},"end":{"line":1,"column":10342}},"233":{"start":{"line":1,"column":10345},"end":{"line":1,"column":10378}},"234":{"start":{"line":1,"column":10381},"end":{"line":1,"column":10385}},"235":{"start":{"line":1,"column":10388},"end":{"line":1,"column":11252}},"236":{"start":{"line":1,"column":10414},"end":{"line":1,"column":10424}},"237":{"start":{"line":1,"column":10430},"end":{"line":1,"column":10490}},"238":{"start":{"line":1,"column":10491},"end":{"line":1,"column":10838}},"239":{"start":{"line":1,"column":10581},"end":{"line":1,"column":10618}},"240":{"start":{"line":1,"column":10641},"end":{"line":1,"column":10835}},"241":{"start":{"line":1,"column":10810},"end":{"line":1,"column":10833}},"242":{"start":{"line":1,"column":10839},"end":{"line":1,"column":11230}},"243":{"start":{"line":1,"column":10889},"end":{"line":1,"column":11224}},"244":{"start":{"line":1,"column":11253},"end":{"line":1,"column":11264}},"245":{"start":{"line":1,"column":11494},"end":{"line":1,"column":14295}},"246":{"start":{"line":1,"column":11534},"end":{"line":1,"column":11570}},"247":{"start":{"line":1,"column":11587},"end":{"line":1,"column":11664}},"248":{"start":{"line":1,"column":11608},"end":{"line":1,"column":11664}},"249":{"start":{"line":1,"column":11681},"end":{"line":1,"column":11773}},"250":{"start":{"line":1,"column":11687},"end":{"line":1,"column":11773}},"251":{"start":{"line":1,"column":11773},"end":{"line":1,"column":11827}},"252":{"start":{"line":1,"column":11844},"end":{"line":1,"column":11967}},"253":{"start":{"line":1,"column":11878},"end":{"line":1,"column":11967}},"254":{"start":{"line":1,"column":11967},"end":{"line":1,"column":12142}},"255":{"start":{"line":1,"column":12143},"end":{"line":1,"column":12192}},"256":{"start":{"line":1,"column":12198},"end":{"line":1,"column":12440}},"257":{"start":{"line":1,"column":12225},"end":{"line":1,"column":12374}},"258":{"start":{"line":1,"column":12259},"end":{"line":1,"column":12263}},"259":{"start":{"line":1,"column":12264},"end":{"line":1,"column":12373}},"260":{"start":{"line":1,"column":12375},"end":{"line":1,"column":12437}},"261":{"start":{"line":1,"column":12398},"end":{"line":1,"column":12436}},"262":{"start":{"line":1,"column":12443},"end":{"line":1,"column":12517}},"263":{"start":{"line":1,"column":12520},"end":{"line":1,"column":12524}},"264":{"start":{"line":1,"column":12527},"end":{"line":1,"column":12558}},"265":{"start":{"line":1,"column":12561},"end":{"line":1,"column":12565}},"266":{"start":{"line":1,"column":12568},"end":{"line":1,"column":12594}},"267":{"start":{"line":1,"column":12597},"end":{"line":1,"column":12601}},"268":{"start":{"line":1,"column":12604},"end":{"line":1,"column":14110}},"269":{"start":{"line":1,"column":12632},"end":{"line":1,"column":12642}},"270":{"start":{"line":1,"column":12648},"end":{"line":1,"column":12710}},"271":{"start":{"line":1,"column":12711},"end":{"line":1,"column":13050}},"272":{"start":{"line":1,"column":12894},"end":{"line":1,"column":12902}},"273":{"start":{"line":1,"column":12903},"end":{"line":1,"column":13047}},"274":{"start":{"line":1,"column":12933},"end":{"line":1,"column":12947}},"275":{"start":{"line":1,"column":12948},"end":{"line":1,"column":13046}},"276":{"start":{"line":1,"column":12969},"end":{"line":1,"column":13017}},"277":{"start":{"line":1,"column":13051},"end":{"line":1,"column":14088}},"278":{"start":{"line":1,"column":13101},"end":{"line":1,"column":14082}},"279":{"start":{"line":1,"column":14111},"end":{"line":1,"column":14181}},"280":{"start":{"line":1,"column":14377},"end":{"line":1,"column":16374}},"281":{"start":{"line":1,"column":14417},"end":{"line":1,"column":14453}},"282":{"start":{"line":1,"column":14470},"end":{"line":1,"column":14547}},"283":{"start":{"line":1,"column":14491},"end":{"line":1,"column":14547}},"284":{"start":{"line":1,"column":14564},"end":{"line":1,"column":14656}},"285":{"start":{"line":1,"column":14570},"end":{"line":1,"column":14656}},"286":{"start":{"line":1,"column":14656},"end":{"line":1,"column":14710}},"287":{"start":{"line":1,"column":14727},"end":{"line":1,"column":14850}},"288":{"start":{"line":1,"column":14761},"end":{"line":1,"column":14850}},"289":{"start":{"line":1,"column":14850},"end":{"line":1,"column":15025}},"290":{"start":{"line":1,"column":15026},"end":{"line":1,"column":15075}},"291":{"start":{"line":1,"column":15081},"end":{"line":1,"column":15323}},"292":{"start":{"line":1,"column":15108},"end":{"line":1,"column":15257}},"293":{"start":{"line":1,"column":15142},"end":{"line":1,"column":15146}},"294":{"start":{"line":1,"column":15147},"end":{"line":1,"column":15256}},"295":{"start":{"line":1,"column":15258},"end":{"line":1,"column":15320}},"296":{"start":{"line":1,"column":15281},"end":{"line":1,"column":15319}},"297":{"start":{"line":1,"column":15326},"end":{"line":1,"column":15400}},"298":{"start":{"line":1,"column":15403},"end":{"line":1,"column":15407}},"299":{"start":{"line":1,"column":15410},"end":{"line":1,"column":15429}},"300":{"start":{"line":1,"column":15432},"end":{"line":1,"column":15436}},"301":{"start":{"line":1,"column":15439},"end":{"line":1,"column":16142}},"302":{"start":{"line":1,"column":15464},"end":{"line":1,"column":15550}},"303":{"start":{"line":1,"column":15551},"end":{"line":1,"column":16120}},"304":{"start":{"line":1,"column":15607},"end":{"line":1,"column":15630}},"305":{"start":{"line":1,"column":15633},"end":{"line":1,"column":15659}},"306":{"start":{"line":1,"column":15662},"end":{"line":1,"column":15688}},"307":{"start":{"line":1,"column":15691},"end":{"line":1,"column":15714}},"308":{"start":{"line":1,"column":15717},"end":{"line":1,"column":15743}},"309":{"start":{"line":1,"column":15746},"end":{"line":1,"column":15772}},"310":{"start":{"line":1,"column":15773},"end":{"line":1,"column":16114}},"311":{"start":{"line":1,"column":16143},"end":{"line":1,"column":16260}},"312":{"start":{"line":1,"column":16419},"end":{"line":1,"column":18333}},"313":{"start":{"line":1,"column":16459},"end":{"line":1,"column":16495}},"314":{"start":{"line":1,"column":16512},"end":{"line":1,"column":16589}},"315":{"start":{"line":1,"column":16533},"end":{"line":1,"column":16589}},"316":{"start":{"line":1,"column":16606},"end":{"line":1,"column":16698}},"317":{"start":{"line":1,"column":16612},"end":{"line":1,"column":16698}},"318":{"start":{"line":1,"column":16698},"end":{"line":1,"column":16752}},"319":{"start":{"line":1,"column":16769},"end":{"line":1,"column":16892}},"320":{"start":{"line":1,"column":16803},"end":{"line":1,"column":16892}},"321":{"start":{"line":1,"column":16892},"end":{"line":1,"column":17067}},"322":{"start":{"line":1,"column":17068},"end":{"line":1,"column":17117}},"323":{"start":{"line":1,"column":17123},"end":{"line":1,"column":17365}},"324":{"start":{"line":1,"column":17150},"end":{"line":1,"column":17299}},"325":{"start":{"line":1,"column":17184},"end":{"line":1,"column":17188}},"326":{"start":{"line":1,"column":17189},"end":{"line":1,"column":17298}},"327":{"start":{"line":1,"column":17300},"end":{"line":1,"column":17362}},"328":{"start":{"line":1,"column":17323},"end":{"line":1,"column":17361}},"329":{"start":{"line":1,"column":17368},"end":{"line":1,"column":17442}},"330":{"start":{"line":1,"column":17445},"end":{"line":1,"column":17449}},"331":{"start":{"line":1,"column":17452},"end":{"line":1,"column":17469}},"332":{"start":{"line":1,"column":17472},"end":{"line":1,"column":17476}},"333":{"start":{"line":1,"column":17479},"end":{"line":1,"column":18057}},"334":{"start":{"line":1,"column":17504},"end":{"line":1,"column":17590}},"335":{"start":{"line":1,"column":17591},"end":{"line":1,"column":18035}},"336":{"start":{"line":1,"column":17642},"end":{"line":1,"column":17803}},"337":{"start":{"line":1,"column":17675},"end":{"line":1,"column":17803}},"338":{"start":{"line":1,"column":17803},"end":{"line":1,"column":17811}},"339":{"start":{"line":1,"column":17845},"end":{"line":1,"column":18029}},"340":{"start":{"line":1,"column":18058},"end":{"line":1,"column":18219}},"341":{"start":{"line":1,"column":18375},"end":{"line":1,"column":20505}},"342":{"start":{"line":1,"column":18415},"end":{"line":1,"column":18451}},"343":{"start":{"line":1,"column":18468},"end":{"line":1,"column":18545}},"344":{"start":{"line":1,"column":18489},"end":{"line":1,"column":18545}},"345":{"start":{"line":1,"column":18562},"end":{"line":1,"column":18654}},"346":{"start":{"line":1,"column":18568},"end":{"line":1,"column":18654}},"347":{"start":{"line":1,"column":18654},"end":{"line":1,"column":18708}},"348":{"start":{"line":1,"column":18725},"end":{"line":1,"column":18848}},"349":{"start":{"line":1,"column":18759},"end":{"line":1,"column":18848}},"350":{"start":{"line":1,"column":18848},"end":{"line":1,"column":19023}},"351":{"start":{"line":1,"column":19024},"end":{"line":1,"column":19073}},"352":{"start":{"line":1,"column":19079},"end":{"line":1,"column":19321}},"353":{"start":{"line":1,"column":19106},"end":{"line":1,"column":19255}},"354":{"start":{"line":1,"column":19140},"end":{"line":1,"column":19144}},"355":{"start":{"line":1,"column":19145},"end":{"line":1,"column":19254}},"356":{"start":{"line":1,"column":19256},"end":{"line":1,"column":19318}},"357":{"start":{"line":1,"column":19279},"end":{"line":1,"column":19317}},"358":{"start":{"line":1,"column":19324},"end":{"line":1,"column":19398}},"359":{"start":{"line":1,"column":19401},"end":{"line":1,"column":19405}},"360":{"start":{"line":1,"column":19408},"end":{"line":1,"column":19437}},"361":{"start":{"line":1,"column":19440},"end":{"line":1,"column":19444}},"362":{"start":{"line":1,"column":19447},"end":{"line":1,"column":20230}},"363":{"start":{"line":1,"column":19475},"end":{"line":1,"column":19485}},"364":{"start":{"line":1,"column":19491},"end":{"line":1,"column":19553}},"365":{"start":{"line":1,"column":19554},"end":{"line":1,"column":19778}},"366":{"start":{"line":1,"column":19614},"end":{"line":1,"column":19704}},"367":{"start":{"line":1,"column":19727},"end":{"line":1,"column":19775}},"368":{"start":{"line":1,"column":19779},"end":{"line":1,"column":20208}},"369":{"start":{"line":1,"column":19829},"end":{"line":1,"column":20202}},"370":{"start":{"line":1,"column":20231},"end":{"line":1,"column":20391}},"371":{"start":{"line":1,"column":20559},"end":{"line":1,"column":24365}},"372":{"start":{"line":1,"column":20599},"end":{"line":1,"column":20635}},"373":{"start":{"line":1,"column":20652},"end":{"line":1,"column":20729}},"374":{"start":{"line":1,"column":20673},"end":{"line":1,"column":20729}},"375":{"start":{"line":1,"column":20746},"end":{"line":1,"column":20838}},"376":{"start":{"line":1,"column":20752},"end":{"line":1,"column":20838}},"377":{"start":{"line":1,"column":20838},"end":{"line":1,"column":20892}},"378":{"start":{"line":1,"column":20909},"end":{"line":1,"column":21032}},"379":{"start":{"line":1,"column":20943},"end":{"line":1,"column":21032}},"380":{"start":{"line":1,"column":21032},"end":{"line":1,"column":21207}},"381":{"start":{"line":1,"column":21208},"end":{"line":1,"column":21257}},"382":{"start":{"line":1,"column":21263},"end":{"line":1,"column":21505}},"383":{"start":{"line":1,"column":21290},"end":{"line":1,"column":21439}},"384":{"start":{"line":1,"column":21324},"end":{"line":1,"column":21328}},"385":{"start":{"line":1,"column":21329},"end":{"line":1,"column":21438}},"386":{"start":{"line":1,"column":21440},"end":{"line":1,"column":21502}},"387":{"start":{"line":1,"column":21463},"end":{"line":1,"column":21501}},"388":{"start":{"line":1,"column":21508},"end":{"line":1,"column":21582}},"389":{"start":{"line":1,"column":21585},"end":{"line":1,"column":21589}},"390":{"start":{"line":1,"column":21592},"end":{"line":1,"column":24180}},"391":{"start":{"line":1,"column":21620},"end":{"line":1,"column":21699}},"392":{"start":{"line":1,"column":21700},"end":{"line":1,"column":24158}},"393":{"start":{"line":1,"column":21752},"end":{"line":1,"column":21828}},"394":{"start":{"line":1,"column":21870},"end":{"line":1,"column":21947}},"395":{"start":{"line":1,"column":21989},"end":{"line":1,"column":22061}},"396":{"start":{"line":1,"column":22095},"end":{"line":1,"column":24152}},"397":{"start":{"line":1,"column":24181},"end":{"line":1,"column":24251}},"398":{"start":{"line":1,"column":24404},"end":{"line":1,"column":24453}},"399":{"start":{"line":1,"column":24453},"end":{"line":1,"column":24496}},"400":{"start":{"line":1,"column":24535},"end":{"line":1,"column":24584}},"401":{"start":{"line":1,"column":24590},"end":{"line":1,"column":24599}},"402":{"start":{"line":1,"column":24600},"end":{"line":1,"column":24626}},"403":{"start":{"line":1,"column":24685},"end":{"line":1,"column":24713}},"404":{"start":{"line":1,"column":24704},"end":{"line":1,"column":24713}},"405":{"start":{"line":1,"column":24719},"end":{"line":1,"column":24721}},"406":{"start":{"line":1,"column":24722},"end":{"line":1,"column":24803}},"407":{"start":{"line":1,"column":24733},"end":{"line":1,"column":24803}},"408":{"start":{"line":1,"column":24748},"end":{"line":1,"column":24803}},"409":{"start":{"line":1,"column":24803},"end":{"line":1,"column":24823}},"410":{"start":{"line":1,"column":24838},"end":{"line":1,"column":24874}},"411":{"start":{"line":1,"column":24891},"end":{"line":1,"column":24968}},"412":{"start":{"line":1,"column":24912},"end":{"line":1,"column":24968}},"413":{"start":{"line":1,"column":24985},"end":{"line":1,"column":25077}},"414":{"start":{"line":1,"column":24991},"end":{"line":1,"column":25077}},"415":{"start":{"line":1,"column":25077},"end":{"line":1,"column":25131}},"416":{"start":{"line":1,"column":25148},"end":{"line":1,"column":25271}},"417":{"start":{"line":1,"column":25182},"end":{"line":1,"column":25271}},"418":{"start":{"line":1,"column":25271},"end":{"line":1,"column":25446}},"419":{"start":{"line":1,"column":25447},"end":{"line":1,"column":25496}},"420":{"start":{"line":1,"column":25502},"end":{"line":1,"column":25744}},"421":{"start":{"line":1,"column":25529},"end":{"line":1,"column":25678}},"422":{"start":{"line":1,"column":25563},"end":{"line":1,"column":25567}},"423":{"start":{"line":1,"column":25568},"end":{"line":1,"column":25677}},"424":{"start":{"line":1,"column":25679},"end":{"line":1,"column":25741}},"425":{"start":{"line":1,"column":25702},"end":{"line":1,"column":25740}},"426":{"start":{"line":1,"column":25747},"end":{"line":1,"column":25759}},"427":{"start":{"line":1,"column":25762},"end":{"line":1,"column":25766}},"428":{"start":{"line":1,"column":25769},"end":{"line":1,"column":25798}},"429":{"start":{"line":1,"column":25801},"end":{"line":1,"column":25805}},"430":{"start":{"line":1,"column":25808},"end":{"line":1,"column":25835}},"431":{"start":{"line":1,"column":25838},"end":{"line":1,"column":25842}},"432":{"start":{"line":1,"column":25845},"end":{"line":1,"column":26532}},"433":{"start":{"line":1,"column":25870},"end":{"line":1,"column":25880}},"434":{"start":{"line":1,"column":25886},"end":{"line":1,"column":25944}},"435":{"start":{"line":1,"column":25945},"end":{"line":1,"column":26349}},"436":{"start":{"line":1,"column":26350},"end":{"line":1,"column":26520}},"437":{"start":{"line":1,"column":26410},"end":{"line":1,"column":26414}},"438":{"start":{"line":1,"column":26415},"end":{"line":1,"column":26514}},"439":{"start":{"line":1,"column":26449},"end":{"line":1,"column":26467}},"440":{"start":{"line":1,"column":26490},"end":{"line":1,"column":26512}},"441":{"start":{"line":1,"column":26535},"end":{"line":1,"column":26540}},"442":{"start":{"line":1,"column":26541},"end":{"line":1,"column":26772}},"443":{"start":{"line":1,"column":26584},"end":{"line":1,"column":26770}},"444":{"start":{"line":1,"column":26895},"end":{"line":1,"column":26931}},"445":{"start":{"line":1,"column":26948},"end":{"line":1,"column":27025}},"446":{"start":{"line":1,"column":26969},"end":{"line":1,"column":27025}},"447":{"start":{"line":1,"column":27042},"end":{"line":1,"column":27134}},"448":{"start":{"line":1,"column":27048},"end":{"line":1,"column":27134}},"449":{"start":{"line":1,"column":27134},"end":{"line":1,"column":27188}},"450":{"start":{"line":1,"column":27205},"end":{"line":1,"column":27328}},"451":{"start":{"line":1,"column":27239},"end":{"line":1,"column":27328}},"452":{"start":{"line":1,"column":27328},"end":{"line":1,"column":27503}},"453":{"start":{"line":1,"column":27504},"end":{"line":1,"column":27553}},"454":{"start":{"line":1,"column":27559},"end":{"line":1,"column":27801}},"455":{"start":{"line":1,"column":27586},"end":{"line":1,"column":27735}},"456":{"start":{"line":1,"column":27620},"end":{"line":1,"column":27624}},"457":{"start":{"line":1,"column":27625},"end":{"line":1,"column":27734}},"458":{"start":{"line":1,"column":27736},"end":{"line":1,"column":27798}},"459":{"start":{"line":1,"column":27759},"end":{"line":1,"column":27797}},"460":{"start":{"line":1,"column":27804},"end":{"line":1,"column":27815}},"461":{"start":{"line":1,"column":27818},"end":{"line":1,"column":27822}},"462":{"start":{"line":1,"column":27825},"end":{"line":1,"column":27833}},"463":{"start":{"line":1,"column":27836},"end":{"line":1,"column":27842}},"464":{"start":{"line":1,"column":27845},"end":{"line":1,"column":28258}},"465":{"start":{"line":1,"column":27870},"end":{"line":1,"column":27956}},"466":{"start":{"line":1,"column":27957},"end":{"line":1,"column":28246}},"467":{"start":{"line":1,"column":28011},"end":{"line":1,"column":28023}},"468":{"start":{"line":1,"column":28059},"end":{"line":1,"column":28095}},"469":{"start":{"line":1,"column":28141},"end":{"line":1,"column":28153}},"470":{"start":{"line":1,"column":28197},"end":{"line":1,"column":28240}},"471":{"start":{"line":1,"column":28259},"end":{"line":1,"column":28291}}},"fnMap":{"0":{"name":"(anonymous_0)","decl":{"start":{"line":1,"column":1},"end":{"line":1,"column":2}},"loc":{"start":{"line":1,"column":12},"end":{"line":1,"column":276}},"line":1},"1":{"name":"(anonymous_1)","decl":{"start":{"line":1,"column":277},"end":{"line":1,"column":278}},"loc":{"start":{"line":1,"column":287},"end":{"line":1,"column":28317}},"line":1},"2":{"name":"e","decl":{"start":{"line":1,"column":304},"end":{"line":1,"column":305}},"loc":{"start":{"line":1,"column":312},"end":{"line":1,"column":731}},"line":1},"3":{"name":"i","decl":{"start":{"line":1,"column":322},"end":{"line":1,"column":323}},"loc":{"start":{"line":1,"column":328},"end":{"line":1,"column":649}},"line":1},"4":{"name":"(anonymous_4)","decl":{"start":{"line":1,"column":562},"end":{"line":1,"column":563}},"loc":{"start":{"line":1,"column":573},"end":{"line":1,"column":607}},"line":1},"5":{"name":"(anonymous_5)","decl":{"start":{"line":1,"column":736},"end":{"line":1,"column":737}},"loc":{"start":{"line":1,"column":751},"end":{"line":1,"column":4307}},"line":1},"6":{"name":"r","decl":{"start":{"line":1,"column":761},"end":{"line":1,"column":762}},"loc":{"start":{"line":1,"column":764},"end":{"line":1,"column":841}},"line":1},"7":{"name":"i","decl":{"start":{"line":1,"column":850},"end":{"line":1,"column":851}},"loc":{"start":{"line":1,"column":854},"end":{"line":1,"column":882}},"line":1},"8":{"name":"o","decl":{"start":{"line":1,"column":891},"end":{"line":1,"column":892}},"loc":{"start":{"line":1,"column":895},"end":{"line":1,"column":921}},"line":1},"9":{"name":"s","decl":{"start":{"line":1,"column":930},"end":{"line":1,"column":931}},"loc":{"start":{"line":1,"column":934},"end":{"line":1,"column":970}},"line":1},"10":{"name":"a","decl":{"start":{"line":1,"column":979},"end":{"line":1,"column":980}},"loc":{"start":{"line":1,"column":983},"end":{"line":1,"column":1002}},"line":1},"11":{"name":"(anonymous_11)","decl":{"start":{"line":1,"column":1144},"end":{"line":1,"column":1145}},"loc":{"start":{"line":1,"column":1155},"end":{"line":1,"column":1260}},"line":1},"12":{"name":"(anonymous_12)","decl":{"start":{"line":1,"column":1278},"end":{"line":1,"column":1279}},"loc":{"start":{"line":1,"column":1289},"end":{"line":1,"column":1930}},"line":1},"13":{"name":"(anonymous_13)","decl":{"start":{"line":1,"column":1955},"end":{"line":1,"column":1956}},"loc":{"start":{"line":1,"column":1968},"end":{"line":1,"column":2661}},"line":1},"14":{"name":"(anonymous_14)","decl":{"start":{"line":1,"column":2718},"end":{"line":1,"column":2719}},"loc":{"start":{"line":1,"column":2731},"end":{"line":1,"column":2907}},"line":1},"15":{"name":"n","decl":{"start":{"line":1,"column":2741},"end":{"line":1,"column":2742}},"loc":{"start":{"line":1,"column":2744},"end":{"line":1,"column":2804}},"line":1},"16":{"name":"(anonymous_16)","decl":{"start":{"line":1,"column":2935},"end":{"line":1,"column":2936}},"loc":{"start":{"line":1,"column":2948},"end":{"line":1,"column":3464}},"line":1},"17":{"name":"(anonymous_17)","decl":{"start":{"line":1,"column":3496},"end":{"line":1,"column":3497}},"loc":{"start":{"line":1,"column":3507},"end":{"line":1,"column":3980}},"line":1},"18":{"name":"(anonymous_18)","decl":{"start":{"line":1,"column":4003},"end":{"line":1,"column":4004}},"loc":{"start":{"line":1,"column":4014},"end":{"line":1,"column":4124}},"line":1},"19":{"name":"(anonymous_19)","decl":{"start":{"line":1,"column":4151},"end":{"line":1,"column":4152}},"loc":{"start":{"line":1,"column":4162},"end":{"line":1,"column":4249}},"line":1},"20":{"name":"(anonymous_20)","decl":{"start":{"line":1,"column":4266},"end":{"line":1,"column":4267}},"loc":{"start":{"line":1,"column":4279},"end":{"line":1,"column":4306}},"line":1},"21":{"name":"(anonymous_21)","decl":{"start":{"line":1,"column":4315},"end":{"line":1,"column":4316}},"loc":{"start":{"line":1,"column":4330},"end":{"line":1,"column":4374}},"line":1},"22":{"name":"(anonymous_22)","decl":{"start":{"line":1,"column":4402},"end":{"line":1,"column":4403}},"loc":{"start":{"line":1,"column":4417},"end":{"line":1,"column":6362}},"line":1},"23":{"name":"(anonymous_23)","decl":{"start":{"line":1,"column":4419},"end":{"line":1,"column":4420}},"loc":{"start":{"line":1,"column":4430},"end":{"line":1,"column":6335}},"line":1},"24":{"name":"i","decl":{"start":{"line":1,"column":4453},"end":{"line":1,"column":4454}},"loc":{"start":{"line":1,"column":4459},"end":{"line":1,"column":4538}},"line":1},"25":{"name":"(anonymous_25)","decl":{"start":{"line":1,"column":4594},"end":{"line":1,"column":4595}},"loc":{"start":{"line":1,"column":4604},"end":{"line":1,"column":6320}},"line":1},"26":{"name":"e","decl":{"start":{"line":1,"column":4614},"end":{"line":1,"column":4615}},"loc":{"start":{"line":1,"column":4617},"end":{"line":1,"column":4723}},"line":1},"27":{"name":"(anonymous_27)","decl":{"start":{"line":1,"column":4751},"end":{"line":1,"column":4752}},"loc":{"start":{"line":1,"column":4762},"end":{"line":1,"column":4816}},"line":1},"28":{"name":"(anonymous_28)","decl":{"start":{"line":1,"column":4840},"end":{"line":1,"column":4841}},"loc":{"start":{"line":1,"column":4851},"end":{"line":1,"column":5022}},"line":1},"29":{"name":"(anonymous_29)","decl":{"start":{"line":1,"column":5043},"end":{"line":1,"column":5044}},"loc":{"start":{"line":1,"column":5054},"end":{"line":1,"column":5562}},"line":1},"30":{"name":"(anonymous_30)","decl":{"start":{"line":1,"column":5584},"end":{"line":1,"column":5585}},"loc":{"start":{"line":1,"column":5595},"end":{"line":1,"column":5872}},"line":1},"31":{"name":"(anonymous_31)","decl":{"start":{"line":1,"column":5899},"end":{"line":1,"column":5900}},"loc":{"start":{"line":1,"column":5909},"end":{"line":1,"column":5937}},"line":1},"32":{"name":"(anonymous_32)","decl":{"start":{"line":1,"column":5966},"end":{"line":1,"column":5967}},"loc":{"start":{"line":1,"column":5977},"end":{"line":1,"column":6063}},"line":1},"33":{"name":"(anonymous_33)","decl":{"start":{"line":1,"column":6094},"end":{"line":1,"column":6095}},"loc":{"start":{"line":1,"column":6105},"end":{"line":1,"column":6225}},"line":1},"34":{"name":"(anonymous_34)","decl":{"start":{"line":1,"column":6255},"end":{"line":1,"column":6256}},"loc":{"start":{"line":1,"column":6265},"end":{"line":1,"column":6317}},"line":1},"35":{"name":"(anonymous_35)","decl":{"start":{"line":1,"column":6403},"end":{"line":1,"column":6404}},"loc":{"start":{"line":1,"column":6418},"end":{"line":1,"column":6928}},"line":1},"36":{"name":"(anonymous_36)","decl":{"start":{"line":1,"column":6420},"end":{"line":1,"column":6421}},"loc":{"start":{"line":1,"column":6431},"end":{"line":1,"column":6901}},"line":1},"37":{"name":"(anonymous_37)","decl":{"start":{"line":1,"column":6451},"end":{"line":1,"column":6452}},"loc":{"start":{"line":1,"column":6476},"end":{"line":1,"column":6888}},"line":1},"38":{"name":"(anonymous_38)","decl":{"start":{"line":1,"column":6835},"end":{"line":1,"column":6836}},"loc":{"start":{"line":1,"column":6845},"end":{"line":1,"column":6860}},"line":1},"39":{"name":"(anonymous_39)","decl":{"start":{"line":1,"column":6946},"end":{"line":1,"column":6947}},"loc":{"start":{"line":1,"column":6961},"end":{"line":1,"column":8554}},"line":1},"40":{"name":"r","decl":{"start":{"line":1,"column":6971},"end":{"line":1,"column":6972}},"loc":{"start":{"line":1,"column":6974},"end":{"line":1,"column":7026}},"line":1},"41":{"name":"i","decl":{"start":{"line":1,"column":7035},"end":{"line":1,"column":7036}},"loc":{"start":{"line":1,"column":7038},"end":{"line":1,"column":7092}},"line":1},"42":{"name":"o","decl":{"start":{"line":1,"column":7101},"end":{"line":1,"column":7102}},"loc":{"start":{"line":1,"column":7105},"end":{"line":1,"column":7300}},"line":1},"43":{"name":"s","decl":{"start":{"line":1,"column":7309},"end":{"line":1,"column":7310}},"loc":{"start":{"line":1,"column":7313},"end":{"line":1,"column":7508}},"line":1},"44":{"name":"a","decl":{"start":{"line":1,"column":7517},"end":{"line":1,"column":7518}},"loc":{"start":{"line":1,"column":7520},"end":{"line":1,"column":7576}},"line":1},"45":{"name":"l","decl":{"start":{"line":1,"column":7585},"end":{"line":1,"column":7586}},"loc":{"start":{"line":1,"column":7588},"end":{"line":1,"column":7703}},"line":1},"46":{"name":"u","decl":{"start":{"line":1,"column":7712},"end":{"line":1,"column":7713}},"loc":{"start":{"line":1,"column":7718},"end":{"line":1,"column":7743}},"line":1},"47":{"name":"c","decl":{"start":{"line":1,"column":7752},"end":{"line":1,"column":7753}},"loc":{"start":{"line":1,"column":7755},"end":{"line":1,"column":7757}},"line":1},"48":{"name":"(anonymous_48)","decl":{"start":{"line":1,"column":7781},"end":{"line":1,"column":7782}},"loc":{"start":{"line":1,"column":7791},"end":{"line":1,"column":7921}},"line":1},"49":{"name":"(anonymous_49)","decl":{"start":{"line":1,"column":7956},"end":{"line":1,"column":7957}},"loc":{"start":{"line":1,"column":7967},"end":{"line":1,"column":8122}},"line":1},"50":{"name":"(anonymous_50)","decl":{"start":{"line":1,"column":8139},"end":{"line":1,"column":8140}},"loc":{"start":{"line":1,"column":8149},"end":{"line":1,"column":8182}},"line":1},"51":{"name":"(anonymous_51)","decl":{"start":{"line":1,"column":8361},"end":{"line":1,"column":8362}},"loc":{"start":{"line":1,"column":8372},"end":{"line":1,"column":8425}},"line":1},"52":{"name":"(anonymous_52)","decl":{"start":{"line":1,"column":8432},"end":{"line":1,"column":8433}},"loc":{"start":{"line":1,"column":8442},"end":{"line":1,"column":8453}},"line":1},"53":{"name":"(anonymous_53)","decl":{"start":{"line":1,"column":8462},"end":{"line":1,"column":8463}},"loc":{"start":{"line":1,"column":8473},"end":{"line":1,"column":8524}},"line":1},"54":{"name":"(anonymous_54)","decl":{"start":{"line":1,"column":8533},"end":{"line":1,"column":8534}},"loc":{"start":{"line":1,"column":8543},"end":{"line":1,"column":8553}},"line":1},"55":{"name":"(anonymous_55)","decl":{"start":{"line":1,"column":8562},"end":{"line":1,"column":8563}},"loc":{"start":{"line":1,"column":8577},"end":{"line":1,"column":9148}},"line":1},"56":{"name":"r","decl":{"start":{"line":1,"column":8600},"end":{"line":1,"column":8601}},"loc":{"start":{"line":1,"column":8604},"end":{"line":1,"column":8744}},"line":1},"57":{"name":"i","decl":{"start":{"line":1,"column":8753},"end":{"line":1,"column":8754}},"loc":{"start":{"line":1,"column":8757},"end":{"line":1,"column":8795}},"line":1},"58":{"name":"(anonymous_58)","decl":{"start":{"line":1,"column":8946},"end":{"line":1,"column":8947}},"loc":{"start":{"line":1,"column":8959},"end":{"line":1,"column":9024}},"line":1},"59":{"name":"(anonymous_59)","decl":{"start":{"line":1,"column":9035},"end":{"line":1,"column":9036}},"loc":{"start":{"line":1,"column":9046},"end":{"line":1,"column":9134}},"line":1},"60":{"name":"(anonymous_60)","decl":{"start":{"line":1,"column":9219},"end":{"line":1,"column":9220}},"loc":{"start":{"line":1,"column":9234},"end":{"line":1,"column":11379}},"line":1},"61":{"name":"(anonymous_61)","decl":{"start":{"line":1,"column":9236},"end":{"line":1,"column":9237}},"loc":{"start":{"line":1,"column":9247},"end":{"line":1,"column":11265}},"line":1},"62":{"name":"r","decl":{"start":{"line":1,"column":9270},"end":{"line":1,"column":9271}},"loc":{"start":{"line":1,"column":9274},"end":{"line":1,"column":9312}},"line":1},"63":{"name":"i","decl":{"start":{"line":1,"column":9321},"end":{"line":1,"column":9322}},"loc":{"start":{"line":1,"column":9327},"end":{"line":1,"column":9406}},"line":1},"64":{"name":"o","decl":{"start":{"line":1,"column":9415},"end":{"line":1,"column":9416}},"loc":{"start":{"line":1,"column":9421},"end":{"line":1,"column":9569}},"line":1},"65":{"name":"s","decl":{"start":{"line":1,"column":9578},"end":{"line":1,"column":9579}},"loc":{"start":{"line":1,"column":9584},"end":{"line":1,"column":9884}},"line":1},"66":{"name":"(anonymous_66)","decl":{"start":{"line":1,"column":9939},"end":{"line":1,"column":9940}},"loc":{"start":{"line":1,"column":9949},"end":{"line":1,"column":10179}},"line":1},"67":{"name":"e","decl":{"start":{"line":1,"column":9959},"end":{"line":1,"column":9960}},"loc":{"start":{"line":1,"column":9965},"end":{"line":1,"column":10116}},"line":1},"68":{"name":"(anonymous_68)","decl":{"start":{"line":1,"column":10123},"end":{"line":1,"column":10124}},"loc":{"start":{"line":1,"column":10138},"end":{"line":1,"column":10178}},"line":1},"69":{"name":"(anonymous_69)","decl":{"start":{"line":1,"column":10388},"end":{"line":1,"column":10389}},"loc":{"start":{"line":1,"column":10399},"end":{"line":1,"column":11231}},"line":1},"70":{"name":"t","decl":{"start":{"line":1,"column":10409},"end":{"line":1,"column":10410}},"loc":{"start":{"line":1,"column":10413},"end":{"line":1,"column":10839}},"line":1},"71":{"name":"(anonymous_71)","decl":{"start":{"line":1,"column":10570},"end":{"line":1,"column":10571}},"loc":{"start":{"line":1,"column":10580},"end":{"line":1,"column":10619}},"line":1},"72":{"name":"(anonymous_72)","decl":{"start":{"line":1,"column":10629},"end":{"line":1,"column":10630}},"loc":{"start":{"line":1,"column":10640},"end":{"line":1,"column":10836}},"line":1},"73":{"name":"(anonymous_73)","decl":{"start":{"line":1,"column":10798},"end":{"line":1,"column":10799}},"loc":{"start":{"line":1,"column":10809},"end":{"line":1,"column":10834}},"line":1},"74":{"name":"(anonymous_74)","decl":{"start":{"line":1,"column":10878},"end":{"line":1,"column":10879}},"loc":{"start":{"line":1,"column":10888},"end":{"line":1,"column":11225}},"line":1},"75":{"name":"(anonymous_75)","decl":{"start":{"line":1,"column":11478},"end":{"line":1,"column":11479}},"loc":{"start":{"line":1,"column":11493},"end":{"line":1,"column":14296}},"line":1},"76":{"name":"(anonymous_76)","decl":{"start":{"line":1,"column":11495},"end":{"line":1,"column":11496}},"loc":{"start":{"line":1,"column":11506},"end":{"line":1,"column":14182}},"line":1},"77":{"name":"r","decl":{"start":{"line":1,"column":11529},"end":{"line":1,"column":11530}},"loc":{"start":{"line":1,"column":11533},"end":{"line":1,"column":11571}},"line":1},"78":{"name":"i","decl":{"start":{"line":1,"column":11580},"end":{"line":1,"column":11581}},"loc":{"start":{"line":1,"column":11586},"end":{"line":1,"column":11665}},"line":1},"79":{"name":"o","decl":{"start":{"line":1,"column":11674},"end":{"line":1,"column":11675}},"loc":{"start":{"line":1,"column":11680},"end":{"line":1,"column":11828}},"line":1},"80":{"name":"s","decl":{"start":{"line":1,"column":11837},"end":{"line":1,"column":11838}},"loc":{"start":{"line":1,"column":11843},"end":{"line":1,"column":12143}},"line":1},"81":{"name":"(anonymous_81)","decl":{"start":{"line":1,"column":12198},"end":{"line":1,"column":12199}},"loc":{"start":{"line":1,"column":12208},"end":{"line":1,"column":12438}},"line":1},"82":{"name":"e","decl":{"start":{"line":1,"column":12218},"end":{"line":1,"column":12219}},"loc":{"start":{"line":1,"column":12224},"end":{"line":1,"column":12375}},"line":1},"83":{"name":"(anonymous_83)","decl":{"start":{"line":1,"column":12382},"end":{"line":1,"column":12383}},"loc":{"start":{"line":1,"column":12397},"end":{"line":1,"column":12437}},"line":1},"84":{"name":"(anonymous_84)","decl":{"start":{"line":1,"column":12604},"end":{"line":1,"column":12605}},"loc":{"start":{"line":1,"column":12615},"end":{"line":1,"column":14089}},"line":1},"85":{"name":"t","decl":{"start":{"line":1,"column":12625},"end":{"line":1,"column":12626}},"loc":{"start":{"line":1,"column":12631},"end":{"line":1,"column":13051}},"line":1},"86":{"name":"(anonymous_86)","decl":{"start":{"line":1,"column":12876},"end":{"line":1,"column":12877}},"loc":{"start":{"line":1,"column":12887},"end":{"line":1,"column":13048}},"line":1},"87":{"name":"(anonymous_87)","decl":{"start":{"line":1,"column":12957},"end":{"line":1,"column":12958}},"loc":{"start":{"line":1,"column":12968},"end":{"line":1,"column":13018}},"line":1},"88":{"name":"(anonymous_88)","decl":{"start":{"line":1,"column":13090},"end":{"line":1,"column":13091}},"loc":{"start":{"line":1,"column":13100},"end":{"line":1,"column":14083}},"line":1},"89":{"name":"(anonymous_89)","decl":{"start":{"line":1,"column":14361},"end":{"line":1,"column":14362}},"loc":{"start":{"line":1,"column":14376},"end":{"line":1,"column":16375}},"line":1},"90":{"name":"(anonymous_90)","decl":{"start":{"line":1,"column":14378},"end":{"line":1,"column":14379}},"loc":{"start":{"line":1,"column":14389},"end":{"line":1,"column":16261}},"line":1},"91":{"name":"r","decl":{"start":{"line":1,"column":14412},"end":{"line":1,"column":14413}},"loc":{"start":{"line":1,"column":14416},"end":{"line":1,"column":14454}},"line":1},"92":{"name":"i","decl":{"start":{"line":1,"column":14463},"end":{"line":1,"column":14464}},"loc":{"start":{"line":1,"column":14469},"end":{"line":1,"column":14548}},"line":1},"93":{"name":"o","decl":{"start":{"line":1,"column":14557},"end":{"line":1,"column":14558}},"loc":{"start":{"line":1,"column":14563},"end":{"line":1,"column":14711}},"line":1},"94":{"name":"s","decl":{"start":{"line":1,"column":14720},"end":{"line":1,"column":14721}},"loc":{"start":{"line":1,"column":14726},"end":{"line":1,"column":15026}},"line":1},"95":{"name":"(anonymous_95)","decl":{"start":{"line":1,"column":15081},"end":{"line":1,"column":15082}},"loc":{"start":{"line":1,"column":15091},"end":{"line":1,"column":15321}},"line":1},"96":{"name":"e","decl":{"start":{"line":1,"column":15101},"end":{"line":1,"column":15102}},"loc":{"start":{"line":1,"column":15107},"end":{"line":1,"column":15258}},"line":1},"97":{"name":"(anonymous_97)","decl":{"start":{"line":1,"column":15265},"end":{"line":1,"column":15266}},"loc":{"start":{"line":1,"column":15280},"end":{"line":1,"column":15320}},"line":1},"98":{"name":"(anonymous_98)","decl":{"start":{"line":1,"column":15439},"end":{"line":1,"column":15440}},"loc":{"start":{"line":1,"column":15450},"end":{"line":1,"column":16121}},"line":1},"99":{"name":"t","decl":{"start":{"line":1,"column":15460},"end":{"line":1,"column":15461}},"loc":{"start":{"line":1,"column":15463},"end":{"line":1,"column":15551}},"line":1},"100":{"name":"(anonymous_100)","decl":{"start":{"line":1,"column":15590},"end":{"line":1,"column":15591}},"loc":{"start":{"line":1,"column":15600},"end":{"line":1,"column":16115}},"line":1},"101":{"name":"(anonymous_101)","decl":{"start":{"line":1,"column":16403},"end":{"line":1,"column":16404}},"loc":{"start":{"line":1,"column":16418},"end":{"line":1,"column":18334}},"line":1},"102":{"name":"(anonymous_102)","decl":{"start":{"line":1,"column":16420},"end":{"line":1,"column":16421}},"loc":{"start":{"line":1,"column":16431},"end":{"line":1,"column":18220}},"line":1},"103":{"name":"r","decl":{"start":{"line":1,"column":16454},"end":{"line":1,"column":16455}},"loc":{"start":{"line":1,"column":16458},"end":{"line":1,"column":16496}},"line":1},"104":{"name":"i","decl":{"start":{"line":1,"column":16505},"end":{"line":1,"column":16506}},"loc":{"start":{"line":1,"column":16511},"end":{"line":1,"column":16590}},"line":1},"105":{"name":"o","decl":{"start":{"line":1,"column":16599},"end":{"line":1,"column":16600}},"loc":{"start":{"line":1,"column":16605},"end":{"line":1,"column":16753}},"line":1},"106":{"name":"s","decl":{"start":{"line":1,"column":16762},"end":{"line":1,"column":16763}},"loc":{"start":{"line":1,"column":16768},"end":{"line":1,"column":17068}},"line":1},"107":{"name":"(anonymous_107)","decl":{"start":{"line":1,"column":17123},"end":{"line":1,"column":17124}},"loc":{"start":{"line":1,"column":17133},"end":{"line":1,"column":17363}},"line":1},"108":{"name":"e","decl":{"start":{"line":1,"column":17143},"end":{"line":1,"column":17144}},"loc":{"start":{"line":1,"column":17149},"end":{"line":1,"column":17300}},"line":1},"109":{"name":"(anonymous_109)","decl":{"start":{"line":1,"column":17307},"end":{"line":1,"column":17308}},"loc":{"start":{"line":1,"column":17322},"end":{"line":1,"column":17362}},"line":1},"110":{"name":"(anonymous_110)","decl":{"start":{"line":1,"column":17479},"end":{"line":1,"column":17480}},"loc":{"start":{"line":1,"column":17490},"end":{"line":1,"column":18036}},"line":1},"111":{"name":"t","decl":{"start":{"line":1,"column":17500},"end":{"line":1,"column":17501}},"loc":{"start":{"line":1,"column":17503},"end":{"line":1,"column":17591}},"line":1},"112":{"name":"e","decl":{"start":{"line":1,"column":17637},"end":{"line":1,"column":17638}},"loc":{"start":{"line":1,"column":17641},"end":{"line":1,"column":17812}},"line":1},"113":{"name":"(anonymous_113)","decl":{"start":{"line":1,"column":17834},"end":{"line":1,"column":17835}},"loc":{"start":{"line":1,"column":17844},"end":{"line":1,"column":18030}},"line":1},"114":{"name":"(anonymous_114)","decl":{"start":{"line":1,"column":18359},"end":{"line":1,"column":18360}},"loc":{"start":{"line":1,"column":18374},"end":{"line":1,"column":20506}},"line":1},"115":{"name":"(anonymous_115)","decl":{"start":{"line":1,"column":18376},"end":{"line":1,"column":18377}},"loc":{"start":{"line":1,"column":18387},"end":{"line":1,"column":20392}},"line":1},"116":{"name":"r","decl":{"start":{"line":1,"column":18410},"end":{"line":1,"column":18411}},"loc":{"start":{"line":1,"column":18414},"end":{"line":1,"column":18452}},"line":1},"117":{"name":"i","decl":{"start":{"line":1,"column":18461},"end":{"line":1,"column":18462}},"loc":{"start":{"line":1,"column":18467},"end":{"line":1,"column":18546}},"line":1},"118":{"name":"o","decl":{"start":{"line":1,"column":18555},"end":{"line":1,"column":18556}},"loc":{"start":{"line":1,"column":18561},"end":{"line":1,"column":18709}},"line":1},"119":{"name":"s","decl":{"start":{"line":1,"column":18718},"end":{"line":1,"column":18719}},"loc":{"start":{"line":1,"column":18724},"end":{"line":1,"column":19024}},"line":1},"120":{"name":"(anonymous_120)","decl":{"start":{"line":1,"column":19079},"end":{"line":1,"column":19080}},"loc":{"start":{"line":1,"column":19089},"end":{"line":1,"column":19319}},"line":1},"121":{"name":"e","decl":{"start":{"line":1,"column":19099},"end":{"line":1,"column":19100}},"loc":{"start":{"line":1,"column":19105},"end":{"line":1,"column":19256}},"line":1},"122":{"name":"(anonymous_122)","decl":{"start":{"line":1,"column":19263},"end":{"line":1,"column":19264}},"loc":{"start":{"line":1,"column":19278},"end":{"line":1,"column":19318}},"line":1},"123":{"name":"(anonymous_123)","decl":{"start":{"line":1,"column":19447},"end":{"line":1,"column":19448}},"loc":{"start":{"line":1,"column":19458},"end":{"line":1,"column":20209}},"line":1},"124":{"name":"t","decl":{"start":{"line":1,"column":19468},"end":{"line":1,"column":19469}},"loc":{"start":{"line":1,"column":19474},"end":{"line":1,"column":19779}},"line":1},"125":{"name":"(anonymous_125)","decl":{"start":{"line":1,"column":19602},"end":{"line":1,"column":19603}},"loc":{"start":{"line":1,"column":19613},"end":{"line":1,"column":19705}},"line":1},"126":{"name":"(anonymous_126)","decl":{"start":{"line":1,"column":19715},"end":{"line":1,"column":19716}},"loc":{"start":{"line":1,"column":19726},"end":{"line":1,"column":19776}},"line":1},"127":{"name":"(anonymous_127)","decl":{"start":{"line":1,"column":19818},"end":{"line":1,"column":19819}},"loc":{"start":{"line":1,"column":19828},"end":{"line":1,"column":20203}},"line":1},"128":{"name":"(anonymous_128)","decl":{"start":{"line":1,"column":20543},"end":{"line":1,"column":20544}},"loc":{"start":{"line":1,"column":20558},"end":{"line":1,"column":24366}},"line":1},"129":{"name":"(anonymous_129)","decl":{"start":{"line":1,"column":20560},"end":{"line":1,"column":20561}},"loc":{"start":{"line":1,"column":20571},"end":{"line":1,"column":24252}},"line":1},"130":{"name":"t","decl":{"start":{"line":1,"column":20594},"end":{"line":1,"column":20595}},"loc":{"start":{"line":1,"column":20598},"end":{"line":1,"column":20636}},"line":1},"131":{"name":"r","decl":{"start":{"line":1,"column":20645},"end":{"line":1,"column":20646}},"loc":{"start":{"line":1,"column":20651},"end":{"line":1,"column":20730}},"line":1},"132":{"name":"i","decl":{"start":{"line":1,"column":20739},"end":{"line":1,"column":20740}},"loc":{"start":{"line":1,"column":20745},"end":{"line":1,"column":20893}},"line":1},"133":{"name":"o","decl":{"start":{"line":1,"column":20902},"end":{"line":1,"column":20903}},"loc":{"start":{"line":1,"column":20908},"end":{"line":1,"column":21208}},"line":1},"134":{"name":"(anonymous_134)","decl":{"start":{"line":1,"column":21263},"end":{"line":1,"column":21264}},"loc":{"start":{"line":1,"column":21273},"end":{"line":1,"column":21503}},"line":1},"135":{"name":"e","decl":{"start":{"line":1,"column":21283},"end":{"line":1,"column":21284}},"loc":{"start":{"line":1,"column":21289},"end":{"line":1,"column":21440}},"line":1},"136":{"name":"(anonymous_136)","decl":{"start":{"line":1,"column":21447},"end":{"line":1,"column":21448}},"loc":{"start":{"line":1,"column":21462},"end":{"line":1,"column":21502}},"line":1},"137":{"name":"(anonymous_137)","decl":{"start":{"line":1,"column":21592},"end":{"line":1,"column":21593}},"loc":{"start":{"line":1,"column":21603},"end":{"line":1,"column":24159}},"line":1},"138":{"name":"t","decl":{"start":{"line":1,"column":21613},"end":{"line":1,"column":21614}},"loc":{"start":{"line":1,"column":21619},"end":{"line":1,"column":21700}},"line":1},"139":{"name":"(anonymous_139)","decl":{"start":{"line":1,"column":21741},"end":{"line":1,"column":21742}},"loc":{"start":{"line":1,"column":21751},"end":{"line":1,"column":21829}},"line":1},"140":{"name":"(anonymous_140)","decl":{"start":{"line":1,"column":21859},"end":{"line":1,"column":21860}},"loc":{"start":{"line":1,"column":21869},"end":{"line":1,"column":21948}},"line":1},"141":{"name":"(anonymous_141)","decl":{"start":{"line":1,"column":21978},"end":{"line":1,"column":21979}},"loc":{"start":{"line":1,"column":21988},"end":{"line":1,"column":22062}},"line":1},"142":{"name":"(anonymous_142)","decl":{"start":{"line":1,"column":22084},"end":{"line":1,"column":22085}},"loc":{"start":{"line":1,"column":22094},"end":{"line":1,"column":24153}},"line":1},"143":{"name":"(anonymous_143)","decl":{"start":{"line":1,"column":24375},"end":{"line":1,"column":24376}},"loc":{"start":{"line":1,"column":24390},"end":{"line":1,"column":24497}},"line":1},"144":{"name":"(anonymous_144)","decl":{"start":{"line":1,"column":24506},"end":{"line":1,"column":24507}},"loc":{"start":{"line":1,"column":24521},"end":{"line":1,"column":24627}},"line":1},"145":{"name":"(anonymous_145)","decl":{"start":{"line":1,"column":24642},"end":{"line":1,"column":24643}},"loc":{"start":{"line":1,"column":24657},"end":{"line":1,"column":26773}},"line":1},"146":{"name":"r","decl":{"start":{"line":1,"column":24680},"end":{"line":1,"column":24681}},"loc":{"start":{"line":1,"column":24684},"end":{"line":1,"column":24824}},"line":1},"147":{"name":"i","decl":{"start":{"line":1,"column":24833},"end":{"line":1,"column":24834}},"loc":{"start":{"line":1,"column":24837},"end":{"line":1,"column":24875}},"line":1},"148":{"name":"o","decl":{"start":{"line":1,"column":24884},"end":{"line":1,"column":24885}},"loc":{"start":{"line":1,"column":24890},"end":{"line":1,"column":24969}},"line":1},"149":{"name":"s","decl":{"start":{"line":1,"column":24978},"end":{"line":1,"column":24979}},"loc":{"start":{"line":1,"column":24984},"end":{"line":1,"column":25132}},"line":1},"150":{"name":"a","decl":{"start":{"line":1,"column":25141},"end":{"line":1,"column":25142}},"loc":{"start":{"line":1,"column":25147},"end":{"line":1,"column":25447}},"line":1},"151":{"name":"(anonymous_151)","decl":{"start":{"line":1,"column":25502},"end":{"line":1,"column":25503}},"loc":{"start":{"line":1,"column":25512},"end":{"line":1,"column":25742}},"line":1},"152":{"name":"e","decl":{"start":{"line":1,"column":25522},"end":{"line":1,"column":25523}},"loc":{"start":{"line":1,"column":25528},"end":{"line":1,"column":25679}},"line":1},"153":{"name":"(anonymous_153)","decl":{"start":{"line":1,"column":25686},"end":{"line":1,"column":25687}},"loc":{"start":{"line":1,"column":25701},"end":{"line":1,"column":25741}},"line":1},"154":{"name":"(anonymous_154)","decl":{"start":{"line":1,"column":25845},"end":{"line":1,"column":25846}},"loc":{"start":{"line":1,"column":25856},"end":{"line":1,"column":26521}},"line":1},"155":{"name":"t","decl":{"start":{"line":1,"column":25866},"end":{"line":1,"column":25867}},"loc":{"start":{"line":1,"column":25869},"end":{"line":1,"column":26350}},"line":1},"156":{"name":"(anonymous_156)","decl":{"start":{"line":1,"column":26392},"end":{"line":1,"column":26393}},"loc":{"start":{"line":1,"column":26403},"end":{"line":1,"column":26515}},"line":1},"157":{"name":"(anonymous_157)","decl":{"start":{"line":1,"column":26437},"end":{"line":1,"column":26438}},"loc":{"start":{"line":1,"column":26448},"end":{"line":1,"column":26468}},"line":1},"158":{"name":"(anonymous_158)","decl":{"start":{"line":1,"column":26478},"end":{"line":1,"column":26479}},"loc":{"start":{"line":1,"column":26489},"end":{"line":1,"column":26513}},"line":1},"159":{"name":"(anonymous_159)","decl":{"start":{"line":1,"column":26572},"end":{"line":1,"column":26573}},"loc":{"start":{"line":1,"column":26583},"end":{"line":1,"column":26771}},"line":1},"160":{"name":"(anonymous_160)","decl":{"start":{"line":1,"column":26852},"end":{"line":1,"column":26853}},"loc":{"start":{"line":1,"column":26867},"end":{"line":1,"column":28292}},"line":1},"161":{"name":"r","decl":{"start":{"line":1,"column":26890},"end":{"line":1,"column":26891}},"loc":{"start":{"line":1,"column":26894},"end":{"line":1,"column":26932}},"line":1},"162":{"name":"i","decl":{"start":{"line":1,"column":26941},"end":{"line":1,"column":26942}},"loc":{"start":{"line":1,"column":26947},"end":{"line":1,"column":27026}},"line":1},"163":{"name":"o","decl":{"start":{"line":1,"column":27035},"end":{"line":1,"column":27036}},"loc":{"start":{"line":1,"column":27041},"end":{"line":1,"column":27189}},"line":1},"164":{"name":"s","decl":{"start":{"line":1,"column":27198},"end":{"line":1,"column":27199}},"loc":{"start":{"line":1,"column":27204},"end":{"line":1,"column":27504}},"line":1},"165":{"name":"(anonymous_165)","decl":{"start":{"line":1,"column":27559},"end":{"line":1,"column":27560}},"loc":{"start":{"line":1,"column":27569},"end":{"line":1,"column":27799}},"line":1},"166":{"name":"e","decl":{"start":{"line":1,"column":27579},"end":{"line":1,"column":27580}},"loc":{"start":{"line":1,"column":27585},"end":{"line":1,"column":27736}},"line":1},"167":{"name":"(anonymous_167)","decl":{"start":{"line":1,"column":27743},"end":{"line":1,"column":27744}},"loc":{"start":{"line":1,"column":27758},"end":{"line":1,"column":27798}},"line":1},"168":{"name":"(anonymous_168)","decl":{"start":{"line":1,"column":27845},"end":{"line":1,"column":27846}},"loc":{"start":{"line":1,"column":27856},"end":{"line":1,"column":28247}},"line":1},"169":{"name":"t","decl":{"start":{"line":1,"column":27866},"end":{"line":1,"column":27867}},"loc":{"start":{"line":1,"column":27869},"end":{"line":1,"column":27957}},"line":1},"170":{"name":"(anonymous_170)","decl":{"start":{"line":1,"column":28000},"end":{"line":1,"column":28001}},"loc":{"start":{"line":1,"column":28010},"end":{"line":1,"column":28024}},"line":1},"171":{"name":"(anonymous_171)","decl":{"start":{"line":1,"column":28048},"end":{"line":1,"column":28049}},"loc":{"start":{"line":1,"column":28058},"end":{"line":1,"column":28096}},"line":1},"172":{"name":"(anonymous_172)","decl":{"start":{"line":1,"column":28129},"end":{"line":1,"column":28130}},"loc":{"start":{"line":1,"column":28140},"end":{"line":1,"column":28154}},"line":1},"173":{"name":"(anonymous_173)","decl":{"start":{"line":1,"column":28185},"end":{"line":1,"column":28186}},"loc":{"start":{"line":1,"column":28196},"end":{"line":1,"column":28241}},"line":1}},"branchMap":{"0":{"loc":{"start":{"line":1,"column":13},"end":{"line":1,"column":275}},"type":"if","locations":[{"start":{"line":1,"column":13},"end":{"line":1,"column":275}},{"start":{"line":1,"column":13},"end":{"line":1,"column":275}}],"line":1},"1":{"loc":{"start":{"line":1,"column":16},"end":{"line":1,"column":68}},"type":"binary-expr","locations":[{"start":{"line":1,"column":16},"end":{"line":1,"column":40}},{"start":{"line":1,"column":42},"end":{"line":1,"column":68}}],"line":1},"2":{"loc":{"start":{"line":1,"column":93},"end":{"line":1,"column":275}},"type":"if","locations":[{"start":{"line":1,"column":93},"end":{"line":1,"column":275}},{"start":{"line":1,"column":93},"end":{"line":1,"column":275}}],"line":1},"3":{"loc":{"start":{"line":1,"column":96},"end":{"line":1,"column":133}},"type":"binary-expr","locations":[{"start":{"line":1,"column":96},"end":{"line":1,"column":121}},{"start":{"line":1,"column":123},"end":{"line":1,"column":133}}],"line":1},"4":{"loc":{"start":{"line":1,"column":160},"end":{"line":1,"column":262}},"type":"cond-expr","locations":[{"start":{"line":1,"column":187},"end":{"line":1,"column":193}},{"start":{"line":1,"column":194},"end":{"line":1,"column":262}}],"line":1},"5":{"loc":{"start":{"line":1,"column":194},"end":{"line":1,"column":262}},"type":"cond-expr","locations":[{"start":{"line":1,"column":221},"end":{"line":1,"column":227}},{"start":{"line":1,"column":228},"end":{"line":1,"column":262}}],"line":1},"6":{"loc":{"start":{"line":1,"column":228},"end":{"line":1,"column":262}},"type":"cond-expr","locations":[{"start":{"line":1,"column":253},"end":{"line":1,"column":257}},{"start":{"line":1,"column":258},"end":{"line":1,"column":262}}],"line":1},"7":{"loc":{"start":{"line":1,"column":329},"end":{"line":1,"column":629}},"type":"if","locations":[{"start":{"line":1,"column":329},"end":{"line":1,"column":629}},{"start":{"line":1,"column":329},"end":{"line":1,"column":629}}],"line":1},"8":{"loc":{"start":{"line":1,"column":339},"end":{"line":1,"column":515}},"type":"if","locations":[{"start":{"line":1,"column":339},"end":{"line":1,"column":515}},{"start":{"line":1,"column":339},"end":{"line":1,"column":515}}],"line":1},"9":{"loc":{"start":{"line":1,"column":355},"end":{"line":1,"column":390}},"type":"binary-expr","locations":[{"start":{"line":1,"column":355},"end":{"line":1,"column":381}},{"start":{"line":1,"column":383},"end":{"line":1,"column":390}}],"line":1},"10":{"loc":{"start":{"line":1,"column":391},"end":{"line":1,"column":415}},"type":"if","locations":[{"start":{"line":1,"column":391},"end":{"line":1,"column":415}},{"start":{"line":1,"column":391},"end":{"line":1,"column":415}}],"line":1},"11":{"loc":{"start":{"line":1,"column":394},"end":{"line":1,"column":399}},"type":"binary-expr","locations":[{"start":{"line":1,"column":394},"end":{"line":1,"column":396}},{"start":{"line":1,"column":398},"end":{"line":1,"column":399}}],"line":1},"12":{"loc":{"start":{"line":1,"column":415},"end":{"line":1,"column":435}},"type":"if","locations":[{"start":{"line":1,"column":415},"end":{"line":1,"column":435}},{"start":{"line":1,"column":415},"end":{"line":1,"column":435}}],"line":1},"13":{"loc":{"start":{"line":1,"column":600},"end":{"line":1,"column":605}},"type":"cond-expr","locations":[{"start":{"line":1,"column":602},"end":{"line":1,"column":603}},{"start":{"line":1,"column":604},"end":{"line":1,"column":605}}],"line":1},"14":{"loc":{"start":{"line":1,"column":778},"end":{"line":1,"column":794}},"type":"binary-expr","locations":[{"start":{"line":1,"column":778},"end":{"line":1,"column":790}},{"start":{"line":1,"column":792},"end":{"line":1,"column":794}}],"line":1},"15":{"loc":{"start":{"line":1,"column":814},"end":{"line":1,"column":840}},"type":"binary-expr","locations":[{"start":{"line":1,"column":814},"end":{"line":1,"column":832}},{"start":{"line":1,"column":834},"end":{"line":1,"column":840}}],"line":1},"16":{"loc":{"start":{"line":1,"column":941},"end":{"line":1,"column":969}},"type":"binary-expr","locations":[{"start":{"line":1,"column":941},"end":{"line":1,"column":959}},{"start":{"line":1,"column":961},"end":{"line":1,"column":969}}],"line":1},"17":{"loc":{"start":{"line":1,"column":1156},"end":{"line":1,"column":1227}},"type":"if","locations":[{"start":{"line":1,"column":1156},"end":{"line":1,"column":1227}},{"start":{"line":1,"column":1156},"end":{"line":1,"column":1227}}],"line":1},"18":{"loc":{"start":{"line":1,"column":1159},"end":{"line":1,"column":1179}},"type":"binary-expr","locations":[{"start":{"line":1,"column":1159},"end":{"line":1,"column":1164}},{"start":{"line":1,"column":1166},"end":{"line":1,"column":1169}},{"start":{"line":1,"column":1171},"end":{"line":1,"column":1179}}],"line":1},"19":{"loc":{"start":{"line":1,"column":1306},"end":{"line":1,"column":1557}},"type":"if","locations":[{"start":{"line":1,"column":1306},"end":{"line":1,"column":1557}},{"start":{"line":1,"column":1306},"end":{"line":1,"column":1557}}],"line":1},"20":{"loc":{"start":{"line":1,"column":1309},"end":{"line":1,"column":1340}},"type":"binary-expr","locations":[{"start":{"line":1,"column":1309},"end":{"line":1,"column":1321}},{"start":{"line":1,"column":1324},"end":{"line":1,"column":1339}}],"line":1},"21":{"loc":{"start":{"line":1,"column":1341},"end":{"line":1,"column":1426}},"type":"binary-expr","locations":[{"start":{"line":1,"column":1341},"end":{"line":1,"column":1352}},{"start":{"line":1,"column":1355},"end":{"line":1,"column":1374}},{"start":{"line":1,"column":1376},"end":{"line":1,"column":1397}},{"start":{"line":1,"column":1399},"end":{"line":1,"column":1425}}],"line":1},"22":{"loc":{"start":{"line":1,"column":1428},"end":{"line":1,"column":1473}},"type":"if","locations":[{"start":{"line":1,"column":1428},"end":{"line":1,"column":1473}},{"start":{"line":1,"column":1428},"end":{"line":1,"column":1473}}],"line":1},"23":{"loc":{"start":{"line":1,"column":1557},"end":{"line":1,"column":1592}},"type":"if","locations":[{"start":{"line":1,"column":1557},"end":{"line":1,"column":1592}},{"start":{"line":1,"column":1557},"end":{"line":1,"column":1592}}],"line":1},"24":{"loc":{"start":{"line":1,"column":1592},"end":{"line":1,"column":1921}},"type":"if","locations":[{"start":{"line":1,"column":1592},"end":{"line":1,"column":1921}},{"start":{"line":1,"column":1592},"end":{"line":1,"column":1921}}],"line":1},"25":{"loc":{"start":{"line":1,"column":1600},"end":{"line":1,"column":1808}},"type":"switch","locations":[{"start":{"line":1,"column":1625},"end":{"line":1,"column":1651}},{"start":{"line":1,"column":1651},"end":{"line":1,"column":1690}},{"start":{"line":1,"column":1690},"end":{"line":1,"column":1742}},{"start":{"line":1,"column":1742},"end":{"line":1,"column":1807}}],"line":1},"26":{"loc":{"start":{"line":1,"column":1813},"end":{"line":1,"column":1921}},"type":"if","locations":[{"start":{"line":1,"column":1813},"end":{"line":1,"column":1921}},{"start":{"line":1,"column":1813},"end":{"line":1,"column":1921}}],"line":1},"27":{"loc":{"start":{"line":1,"column":1975},"end":{"line":1,"column":2031}},"type":"if","locations":[{"start":{"line":1,"column":1975},"end":{"line":1,"column":2031}},{"start":{"line":1,"column":1975},"end":{"line":1,"column":2031}}],"line":1},"28":{"loc":{"start":{"line":1,"column":2038},"end":{"line":1,"column":2069}},"type":"binary-expr","locations":[{"start":{"line":1,"column":2038},"end":{"line":1,"column":2050}},{"start":{"line":1,"column":2053},"end":{"line":1,"column":2068}}],"line":1},"29":{"loc":{"start":{"line":1,"column":2070},"end":{"line":1,"column":2149}},"type":"binary-expr","locations":[{"start":{"line":1,"column":2070},"end":{"line":1,"column":2094}},{"start":{"line":1,"column":2096},"end":{"line":1,"column":2149}}],"line":1},"30":{"loc":{"start":{"line":1,"column":2122},"end":{"line":1,"column":2148}},"type":"cond-expr","locations":[{"start":{"line":1,"column":2136},"end":{"line":1,"column":2146}},{"start":{"line":1,"column":2147},"end":{"line":1,"column":2148}}],"line":1},"31":{"loc":{"start":{"line":1,"column":2150},"end":{"line":1,"column":2262}},"type":"cond-expr","locations":[{"start":{"line":1,"column":2166},"end":{"line":1,"column":2244}},{"start":{"line":1,"column":2245},"end":{"line":1,"column":2262}}],"line":1},"32":{"loc":{"start":{"line":1,"column":2166},"end":{"line":1,"column":2244}},"type":"cond-expr","locations":[{"start":{"line":1,"column":2185},"end":{"line":1,"column":2208}},{"start":{"line":1,"column":2209},"end":{"line":1,"column":2244}}],"line":1},"33":{"loc":{"start":{"line":1,"column":2263},"end":{"line":1,"column":2655}},"type":"binary-expr","locations":[{"start":{"line":1,"column":2263},"end":{"line":1,"column":2281}},{"start":{"line":1,"column":2283},"end":{"line":1,"column":2306}},{"start":{"line":1,"column":2309},"end":{"line":1,"column":2654}}],"line":1},"34":{"loc":{"start":{"line":1,"column":2311},"end":{"line":1,"column":2373}},"type":"cond-expr","locations":[{"start":{"line":1,"column":2333},"end":{"line":1,"column":2354}},{"start":{"line":1,"column":2355},"end":{"line":1,"column":2373}}],"line":1},"35":{"loc":{"start":{"line":1,"column":2374},"end":{"line":1,"column":2654}},"type":"binary-expr","locations":[{"start":{"line":1,"column":2374},"end":{"line":1,"column":2375}},{"start":{"line":1,"column":2377},"end":{"line":1,"column":2380}},{"start":{"line":1,"column":2382},"end":{"line":1,"column":2406}},{"start":{"line":1,"column":2409},"end":{"line":1,"column":2653}}],"line":1},"36":{"loc":{"start":{"line":1,"column":2604},"end":{"line":1,"column":2653}},"type":"binary-expr","locations":[{"start":{"line":1,"column":2604},"end":{"line":1,"column":2636}},{"start":{"line":1,"column":2638},"end":{"line":1,"column":2653}}],"line":1},"37":{"loc":{"start":{"line":1,"column":2770},"end":{"line":1,"column":2803}},"type":"binary-expr","locations":[{"start":{"line":1,"column":2770},"end":{"line":1,"column":2771}},{"start":{"line":1,"column":2774},"end":{"line":1,"column":2802}}],"line":1},"38":{"loc":{"start":{"line":1,"column":2804},"end":{"line":1,"column":2860}},"type":"if","locations":[{"start":{"line":1,"column":2804},"end":{"line":1,"column":2860}},{"start":{"line":1,"column":2804},"end":{"line":1,"column":2860}}],"line":1},"39":{"loc":{"start":{"line":1,"column":2961},"end":{"line":1,"column":3017}},"type":"if","locations":[{"start":{"line":1,"column":2961},"end":{"line":1,"column":3017}},{"start":{"line":1,"column":2961},"end":{"line":1,"column":3017}}],"line":1},"40":{"loc":{"start":{"line":1,"column":3017},"end":{"line":1,"column":3064}},"type":"if","locations":[{"start":{"line":1,"column":3017},"end":{"line":1,"column":3064}},{"start":{"line":1,"column":3017},"end":{"line":1,"column":3064}}],"line":1},"41":{"loc":{"start":{"line":1,"column":3020},"end":{"line":1,"column":3051}},"type":"binary-expr","locations":[{"start":{"line":1,"column":3020},"end":{"line":1,"column":3033}},{"start":{"line":1,"column":3035},"end":{"line":1,"column":3051}}],"line":1},"42":{"loc":{"start":{"line":1,"column":3064},"end":{"line":1,"column":3452}},"type":"if","locations":[{"start":{"line":1,"column":3064},"end":{"line":1,"column":3452}},{"start":{"line":1,"column":3064},"end":{"line":1,"column":3452}}],"line":1},"43":{"loc":{"start":{"line":1,"column":3101},"end":{"line":1,"column":3137}},"type":"binary-expr","locations":[{"start":{"line":1,"column":3101},"end":{"line":1,"column":3106}},{"start":{"line":1,"column":3108},"end":{"line":1,"column":3121}},{"start":{"line":1,"column":3123},"end":{"line":1,"column":3137}}],"line":1},"44":{"loc":{"start":{"line":1,"column":3161},"end":{"line":1,"column":3221}},"type":"binary-expr","locations":[{"start":{"line":1,"column":3161},"end":{"line":1,"column":3188}},{"start":{"line":1,"column":3190},"end":{"line":1,"column":3221}}],"line":1},"45":{"loc":{"start":{"line":1,"column":3227},"end":{"line":1,"column":3452}},"type":"if","locations":[{"start":{"line":1,"column":3227},"end":{"line":1,"column":3452}},{"start":{"line":1,"column":3227},"end":{"line":1,"column":3452}}],"line":1},"46":{"loc":{"start":{"line":1,"column":3252},"end":{"line":1,"column":3309}},"type":"if","locations":[{"start":{"line":1,"column":3252},"end":{"line":1,"column":3309}},{"start":{"line":1,"column":3252},"end":{"line":1,"column":3309}}],"line":1},"47":{"loc":{"start":{"line":1,"column":3255},"end":{"line":1,"column":3297}},"type":"binary-expr","locations":[{"start":{"line":1,"column":3255},"end":{"line":1,"column":3263}},{"start":{"line":1,"column":3265},"end":{"line":1,"column":3278}},{"start":{"line":1,"column":3280},"end":{"line":1,"column":3297}}],"line":1},"48":{"loc":{"start":{"line":1,"column":3309},"end":{"line":1,"column":3328}},"type":"if","locations":[{"start":{"line":1,"column":3309},"end":{"line":1,"column":3328}},{"start":{"line":1,"column":3309},"end":{"line":1,"column":3328}}],"line":1},"49":{"loc":{"start":{"line":1,"column":3328},"end":{"line":1,"column":3390}},"type":"cond-expr","locations":[{"start":{"line":1,"column":3342},"end":{"line":1,"column":3375}},{"start":{"line":1,"column":3377},"end":{"line":1,"column":3390}}],"line":1},"50":{"loc":{"start":{"line":1,"column":3391},"end":{"line":1,"column":3451}},"type":"binary-expr","locations":[{"start":{"line":1,"column":3391},"end":{"line":1,"column":3418}},{"start":{"line":1,"column":3420},"end":{"line":1,"column":3451}}],"line":1},"51":{"loc":{"start":{"line":1,"column":3516},"end":{"line":1,"column":3545}},"type":"if","locations":[{"start":{"line":1,"column":3516},"end":{"line":1,"column":3545}},{"start":{"line":1,"column":3516},"end":{"line":1,"column":3545}}],"line":1},"52":{"loc":{"start":{"line":1,"column":3545},"end":{"line":1,"column":3666}},"type":"if","locations":[{"start":{"line":1,"column":3545},"end":{"line":1,"column":3666}},{"start":{"line":1,"
[...]
s":[{"start":{"line":1,"column":27895},"end":{"line":1,"column":27906}},{"start":{"line":1,"column":27908},"end":{"line":1,"column":27932}}],"line":1}},"s":{"0":1,"1":1,"2":1,"3":0,"4":0,"5":0,"6":1,"7":21,"8":16,"9":0,"10":0,"11":0,"12":0,"13":0,"14":0,"15":0,"16":16,"17":16,"18":19,"19":19,"20":21,"21":1,"22":1,"23":1,"24":1,"25":0,"26":0,"27":0,"28":0,"29":1,"30":0,"31":0,"32":0,"33":0,"34":0,"35":0,"36":0,"37":0,"38":0,"39":0,"40":0,"41":0,"42":0,"43":0,"44":0,"45":0,"46":0,"47":0,"48":0,"49":0,"50":0,"51":0,"52":0,"53":0,"54":0,"55":0,"56":0,"57":0,"58":0,"59":0,"60":0,"61":0,"62":0,"63":0,"64":0,"65":0,"66":0,"67":0,"68":0,"69":0,"70":0,"71":0,"72":0,"73":0,"74":0,"75":0,"76":0,"77":0,"78":0,"79":0,"80":0,"81":0,"82":0,"83":0,"84":0,"85":0,"86":0,"87":0,"88":0,"89":0,"90":0,"91":0,"92":0,"93":0,"94":0,"95":0,"96":0,"97":0,"98":0,"99":1,"100":1,"101":1,"102":0,"103":1,"104":1,"105":1,"106":1,"107":1,"108":1,"109":1,"110":1,"111":0,"112":0,"113":0,"114":0,"115":0,"116":0,"117":0,"118":0,"119":0,"120":0,"121":0,"122":0,"123":0,"124":0,"125":0,"126":0,"127":1,"128":1,"129":1,"130":0,"131":0,"132":0,"133":0,"134":0,"135":0,"136":0,"137":0,"138":0,"139":0,"140":1,"141":0,"142":0,"143":0,"144":0,"145":0,"146":0,"147":0,"148":0,"149":0,"150":0,"151":0,"152":0,"153":0,"154":0,"155":0,"156":0,"157":0,"158":0,"159":0,"160":0,"161":0,"162":0,"163":0,"164":0,"165":0,"166":0,"167":0,"168":0,"169":0,"170":0,"171":1,"172":1,"173":1,"174":1,"175":0,"176":1,"177":1,"178":0,"179":1,"180":1,"181":1,"182":1,"183":0,"184":0,"185":0,"186":0,"187":0,"188":0,"189":0,"190":0,"191":0,"192":0,"193":1,"194":1,"195":0,"196":0,"197":0,"198":0,"199":0,"200":1,"201":1,"202":1,"203":1,"204":1,"205":1,"206":1,"207":0,"208":0,"209":1,"210":1,"211":4,"212":8,"213":0,"214":8,"215":0,"216":8,"217":1,"218":0,"219":1,"220":1,"221":1,"222":1,"223":1,"224":1,"225":1,"226":1,"227":1,"228":1,"229":1,"230":1,"231":1,"232":1,"233":1,"234":1,"235":1,"236":8,"237":8,"238":8,"239":0,"240":0,"241":0,"242":1,"243":8,"244":1,"245":1,"246":3,"247":8,"248":0,"249":8,"250":0,"251":8,"252":1,"253":0,"254":1,"255":1,"256":1,"257":1,"258":1,"259":1,"260":1,"261":1,"262":1,"263":1,"264":1,"265":1,"266":1,"267":1,"268":1,"269":8,"270":8,"271":8,"272":0,"273":0,"274":0,"275":0,"276":0,"277":1,"278":8,"279":1,"280":1,"281":2,"282":40,"283":0,"284":40,"285":0,"286":40,"287":1,"288":0,"289":1,"290":1,"291":1,"292":1,"293":1,"294":1,"295":1,"296":1,"297":1,"298":1,"299":1,"300":1,"301":1,"302":40,"303":1,"304":40,"305":40,"306":40,"307":40,"308":40,"309":40,"310":40,"311":1,"312":1,"313":2,"314":16,"315":0,"316":16,"317":0,"318":16,"319":1,"320":0,"321":1,"322":1,"323":1,"324":1,"325":2,"326":2,"327":1,"328":1,"329":1,"330":1,"331":1,"332":1,"333":1,"334":16,"335":1,"336":16,"337":40,"338":16,"339":16,"340":1,"341":1,"342":2,"343":80,"344":0,"345":80,"346":0,"347":80,"348":1,"349":0,"350":1,"351":1,"352":1,"353":1,"354":1,"355":1,"356":1,"357":1,"358":1,"359":1,"360":1,"361":1,"362":1,"363":80,"364":80,"365":80,"366":0,"367":0,"368":1,"369":80,"370":1,"371":1,"372":1,"373":8,"374":0,"375":8,"376":0,"377":8,"378":1,"379":0,"380":1,"381":1,"382":1,"383":1,"384":4,"385":4,"386":1,"387":1,"388":1,"389":1,"390":1,"391":8,"392":1,"393":8,"394":8,"395":8,"396":8,"397":1,"398":1,"399":1,"400":1,"401":1,"402":1,"403":1,"404":1,"405":0,"406":0,"407":0,"408":0,"409":0,"410":2,"411":1,"412":0,"413":1,"414":0,"415":1,"416":1,"417":0,"418":1,"419":1,"420":1,"421":1,"422":1,"423":1,"424":1,"425":1,"426":1,"427":1,"428":1,"429":1,"430":1,"431":1,"432":1,"433":1,"434":1,"435":1,"436":1,"437":8,"438":8,"439":12,"440":12,"441":1,"442":1,"443":0,"444":1,"445":1,"446":0,"447":1,"448":0,"449":1,"450":1,"451":0,"452":1,"453":1,"454":1,"455":1,"456":4,"457":4,"458":1,"459":1,"460":1,"461":1,"462":1,"463":1,"464":1,"465":1,"466":1,"467":0,"468":0,"469":0,"470":0,"471":1},"f":{"0":1,"1":1,"2":1,"3":21,"4":19,"5":1,"6":1,"7":0,"8":0,"9":0,"10":0,"11":0,"12":0,"13":0,"14":0,"15":0,"16":0,"17":0,"18":0,"19":0,"20":0,"21":1,"22":1,"23":1,"24":1,"25":1,"26":1,"27":1,"28":0,"29":0,"30":0,"31":0,"32":0,"33":0,"34":0,"35":1,"36":1,"37":0,"38":0,"39":1,"40":0,"41":0,"42":0,"43":0,"44":0,"45":0,"46":0,"47":0,"48":1,"49":0,"50":0,"51":0,"52":0,"53":0,"54":0,"55":1,"56":1,"57":1,"58":0,"59":0,"60":1,"61":1,"62":4,"63":8,"64":8,"65":1,"66":1,"67":1,"68":1,"69":1,"70":8,"71":0,"72":0,"73":0,"74":8,"75":1,"76":1,"77":3,"78":8,"79":8,"80":1,"81":1,"82":1,"83":1,"84":1,"85":8,"86":0,"87":0,"88":8,"89":1,"90":1,"91":2,"92":40,"93":40,"94":1,"95":1,"96":1,"97":1,"98":1,"99":40,"100":40,"101":1,"102":1,"103":2,"104":16,"105":16,"106":1,"107":1,"108":1,"109":1,"110":1,"111":16,"112":16,"113":16,"114":1,"115":1,"116":2,"117":80,"118":80,"119":1,"120":1,"121":1,"122":1,"123":1,"124":80,"125":0,"126":0,"127":80,"128":1,"129":1,"130":1,"131":8,"132":8,"133":1,"134":1,"135":1,"136":1,"137":1,"138":8,"139":8,"140":8,"141":8,"142":8,"143":1,"144":1,"145":1,"146":1,"147":2,"148":1,"149":1,"150":1,"151":1,"152":1,"153":1,"154":1,"155":1,"156":8,"157":12,"158":12,"159":0,"160":1,"161":1,"162":1,"163":1,"164":1,"165":1,"166":1,"167":1,"168":1,"169":1,"170":0,"171":0,"172":0,"173":0},"b":{"0":[1,0],"1":[1,1],"2":[0,0],"3":[0,0],"4":[0,0],"5":[0,0],"6":[0,0],"7":[16,5],"8":[0,16],"9":[0,0],"10":[0,0],"11":[0,0],"12":[0,0],"13":[19,0],"14":[1,1],"15":[1,1],"16":[0,0],"17":[0,0],"18":[0,0,0],"19":[0,0],"20":[0,0],"21":[0,0,0,0],"22":[0,0],"23":[0,0],"24":[0,0],"25":[0,0,0,0],"26":[0,0],"27":[0,0],"28":[0,0],"29":[0,0],"30":[0,0],"31":[0,0],"32":[0,0],"33":[0,0,0],"34":[0,0],"35":[0,0,0,0],"36":[0,0],"37":[0,0],"38":[0,0],"39":[0,0],"40":[0,0],"41":[0,0],"42":[0,0],"43":[0,0,0],"44":[0,0],"45":[0,0],"46":[0,0],"47":[0,0,0],"48":[0,0],"49":[0,0],"50":[0,0],"51":[0,0],"52":[0,0],"53":[0,0],"54":[0,0],"55":[0,0],"56":[0,0],"57":[0,0],"58":[0,0],"59":[0,0],"60":[0,0],"61":[0,0],"62":[0,0],"63":[0,0],"64":[0,0],"65":[0,1],"66":[0,0],"67":[0,0],"68":[0,0],"69":[0,0],"70":[0,0],"71":[0,0],"72":[0,0],"73":[0,0],"74":[0,0],"75":[0,0],"76":[0,0],"77":[0,0],"78":[0,0],"79":[0,0],"80":[0,0],"81":[0,0],"82":[0,0],"83":[0,0],"84":[0,0,0],"85":[0,0],"86":[0,0],"87":[0,0,0],"88":[0,0,0],"89":[0,0],"90":[0,0],"91":[0,0],"92":[0,0],"93":[1,0],"94":[1,0],"95":[0,0],"96":[0,0,0],"97":[1,0],"98":[1,1],"99":[0,0],"100":[0,0],"101":[1,0],"102":[1,1],"103":[3,1],"104":[4,4],"105":[0,8],"106":[0,8],"107":[8,0],"108":[8,0,0],"109":[0,1],"110":[1,0],"111":[1,1],"112":[1,1],"113":[1,0],"114":[1,1],"115":[1,1],"116":[1,1],"117":[1,0],"118":[1,0],"119":[0,0],"120":[8,0],"121":[1,0],"122":[0,0],"123":[0,0],"124":[2,1],"125":[3,3],"126":[0,8],"127":[0,8],"128":[8,0],"129":[8,0,0],"130":[0,1],"131":[1,0],"132":[1,1],"133":[1,1],"134":[1,0],"135":[1,1],"136":[1,1],"137":[1,1],"138":[1,0],"139":[1,0],"140":[0,0],"141":[8,0],"142":[0,0],"143":[0,0],"144":[1,0],"145":[0,0],"146":[0,0],"147":[1,1],"148":[2,2],"149":[0,40],"150":[0,40],"151":[40,0],"152":[40,0,0],"153":[0,1],"154":[1,0],"155":[1,1],"156":[1,1],"157":[1,0],"158":[1,1],"159":[1,1],"160":[1,1],"161":[1,0],"162":[1,0],"163":[0,0],"164":[40,0],"165":[1,0],"166":[0,0],"167":[0,0],"168":[1,1],"169":[2,2],"170":[0,16],"171":[0,16],"172":[16,0],"173":[16,0,0],"174":[0,1],"175":[1,0],"176":[1,1],"177":[1,1],"178":[1,0],"179":[2,2],"180":[2,2],"181":[1,1],"182":[1,0],"183":[1,0],"184":[0,0],"185":[16,0],"186":[1,0],"187":[0,0],"188":[0,0],"189":[1,1],"190":[2,2],"191":[0,80],"192":[0,80],"193":[80,0],"194":[80,0,0],"195":[0,1],"196":[1,0],"197":[1,1],"198":[1,1],"199":[1,0],"200":[1,1],"201":[1,1],"202":[1,1],"203":[1,0],"204":[1,0],"205":[0,0],"206":[80,0],"207":[1,0],"208":[0,0],"209":[0,0],"210":[0,1],"211":[1,1],"212":[0,8],"213":[0,8],"214":[8,0],"215":[8,0,0],"216":[0,1],"217":[1,0],"218":[1,1],"219":[1,1],"220":[1,0],"221":[4,4],"222":[4,4],"223":[1,1],"224":[1,0],"225":[1,0],"226":[0,0],"227":[8,0],"228":[1,0],"229":[0,0],"230":[0,0],"231":[1,0],"232":[1,1],"233":[0,0],"234":[0,0],"235":[2,0],"236":[2,2],"237":[0,1],"238":[0,1],"239":[0,1],"240":[1,1,0],"241":[0,1],"242":[1,0],"243":[1,1],"244":[1,1],"245":[1,0],"246":[1,1],"247":[1,1],"248":[1,1],"249":[1,0],"250":[1,0],"251":[0,0],"252":[0,0],"253":[0,1],"254":[1,1],"255":[0,1],"256":[0,1],"257":[1,0],"258":[1,0,0],"259":[0,1],"260":[1,0],"261":[1,1],"262":[1,1],"263":[1,0],"264":[4,4],"265":[4,4],"266":[1,1],"267":[1,0],"268":[1,0]},"_coverageSchema":"332fd63041d2c1bcb487cc26dd0d5f7d97098a6c","hash":"a2235fbfd3575a36e9feafa6eb63da5d02f264a9"}
,"/Users/patricklai/work/dm-hcard/src/_ExpressError.js": {"path":"/Users/patricklai/work/dm-hcard/src/_ExpressError.js","statementMap":{"0":{"start":{"line":8,"column":4},"end":{"line":8,"column":19}},"1":{"start":{"line":9,"column":4},"end":{"line":9,"column":32}},"2":{"start":{"line":10,"column":4},"end":{"line":10,"column":21}},"3":{"start":{"line":11,"column":4},"end":{"line":11,"column":56}}},"fnMap":{"0":{"name":"(anonymous_0)","decl":{"start":{"line":7,"column":2},"end":{"line":7,"column":3}},"loc":{"start":{"line":7,"column":37},"end":{"line":12,"column":3}},"line":7}},"branchMap":{"0":{"loc":{"start":{"line":9,"column":18},"end":{"line":9,"column":31}},"type":"binary-expr","locations":[{"start":{"line":9,"column":18},"end":{"line":9,"column":24}},{"start":{"line":9,"column":28},"end":{"line":9,"column":31}}],"line":9}},"s":{"0":2,"1":2,"2":2,"3":2},"f":{"0":2},"b":{"0":[2,0]},"_coverageSchema":"332fd63041d2c1bcb487cc26dd0d5f7d97098a6c","hash":"0870fdee59d4e346113f2dfd297db50204ef7525"}
,"/Users/patricklai/work/dm-hcard/src/index.js": {"path":"/Users/patricklai/work/dm-hcard/src/index.js","statementMap":{"0":{"start":{"line":5,"column":0},"end":{"line":5,"column":43}},"1":{"start":{"line":20,"column":0},"end":{"line":20,"column":21}},"2":{"start":{"line":22,"column":0},"end":{"line":22,"column":35}},"3":{"start":{"line":25,"column":24},"end":{"line":25,"column":35}},"4":{"start":{"line":27,"column":26},"end":{"line":27,"column":42}},"5":{"start":{"line":30,"column":14},"end":{"line":30,"column":50}},"6":{"start":{"line":31,"column":12},"end":{"line":31,"column":21}},"7":{"start":{"line":34,"column":0},"end":{"line":34,"column":21}},"8":{"start":{"line":37,"column":0},"end":{"line":37,"column":39}},"9":{"start":{"line":39,"column":0},"end":{"line":47,"column":3}},"10":{"start":{"line":40,"column":2},"end":{"line":46,"column":3}},"11":{"start":{"line":42,"column":4},"end":{"line":42,"column":52}},"12":{"start":{"line":43,"column":4},"end":{"line":43,"column":14}},"13":{"start":{"line":45,"column":4},"end":{"line":45,"column":12}},"14":{"start":{"line":49,"column":0},"end":{"line":57,"column":3}},"15":{"start":{"line":50,"column":2},"end":{"line":56,"column":3}},"16":{"start":{"line":52,"column":4},"end":{"line":52,"column":49}},"17":{"start":{"line":53,"column":4},"end":{"line":53,"column":22}},"18":{"start":{"line":55,"column":4},"end":{"line":55,"column":12}},"19":{"start":{"line":59,"column":0},"end":{"line":71,"column":3}},"20":{"start":{"line":60,"column":2},"end":{"line":70,"column":3}},"21":{"start":{"line":62,"column":23},"end":{"line":62,"column":57}},"22":{"start":{"line":64,"column":4},"end":{"line":67,"column":7}},"23":{"start":{"line":69,"column":4},"end":{"line":69,"column":12}},"24":{"start":{"line":74,"column":0},"end":{"line":74,"column":22}},"25":{"start":{"line":77,"column":2},"end":{"line":79,"column":4}}},"fnMap":{"0":{"name":"(anonymous_0)","decl":{"start":{"line":39,"column":40},"end":{"line":39,"column":41}},"loc":{"start":{"line":39,"column":60},"end":{"line":47,"column":1}},"line":39},"1":{"name":"(anonymous_1)","decl":{"start":{"line":49,"column":40},"end":{"line":49,"column":41}},"loc":{"start":{"line":49,"column":66},"end":{"line":57,"column":1}},"line":49},"2":{"name":"(anonymous_2)","decl":{"start":{"line":59,"column":13},"end":{"line":59,"column":14}},"loc":{"start":{"line":59,"column":33},"end":{"line":71,"column":1}},"line":59},"3":{"name":"(anonymous_3)","decl":{"start":{"line":76,"column":32},"end":{"line":76,"column":33}},"loc":{"start":{"line":76,"column":38},"end":{"line":80,"column":1}},"line":76}},"branchMap":{"0":{"loc":{"start":{"line":25,"column":8},"end":{"line":25,"column":19}},"type":"default-arg","locations":[{"start":{"line":25,"column":15},"end":{"line":25,"column":19}}],"line":25}},"s":{"0":1,"1":1,"2":1,"3":1,"4":1,"5":1,"6":1,"7":1,"8":1,"9":1,"10":4,"11":4,"12":4,"13":0,"14":1,"15":0,"16":0,"17":0,"18":0,"19":1,"20":8,"21":8,"22":8,"23":0,"24":1,"25":1},"f":{"0":4,"1":0,"2":8,"3":1},"b":{"0":[0]},"_coverageSchema":"332fd63041d2c1bcb487cc26dd0d5f7d97098a6c","hash":"e8c822dd90d526d9b6875052aaff3771d7a3159c"}
,"/Users/patricklai/work/dm-hcard/src/logger.js": {"path":"/Users/patricklai/work/dm-hcard/src/logger.js","statementMap":{},"fnMap":{},"branchMap":{},"s":{},"f":{},"b":{},"_coverageSchema":"332fd63041d2c1bcb487cc26dd0d5f7d97098a6c","hash":"4a33792b9a868619f56b60f2132aecb33bac4089"}
,"/Users/patricklai/work/dm-hcard/src/middlewares.js": {"path":"/Users/patricklai/work/dm-hcard/src/middlewares.js","statementMap":{"0":{"start":{"line":5,"column":0},"end":{"line":5,"column":43}},"1":{"start":{"line":12,"column":27},"end":{"line":12,"column":38}},"2":{"start":{"line":14,"column":0},"end":{"line":14,"column":69}},"3":{"start":{"line":14,"column":21},"end":{"line":14,"column":69}},"4":{"start":{"line":16,"column":31},"end":{"line":32,"column":1}},"5":{"start":{"line":17,"column":2},"end":{"line":17,"column":68}},"6":{"start":{"line":17,"column":12},"end":{"line":17,"column":68}},"7":{"start":{"line":19,"column":2},"end":{"line":19,"column":44}},"8":{"start":{"line":20,"column":2},"end":{"line":20,"column":37}},"9":{"start":{"line":21,"column":2},"end":{"line":21,"column":29}},"10":{"start":{"line":22,"column":2},"end":{"line":22,"column":53}},"11":{"start":{"line":23,"column":2},"end":{"line":23,"column":26}},"12":{"start":{"line":24,"column":2},"end":{"line":31,"column":4}},"13":{"start":{"line":35,"column":28},"end":{"line":42,"column":1}},"14":{"start":{"line":36,"column":2},"end":{"line":36,"column":20}},"15":{"start":{"line":37,"column":2},"end":{"line":40,"column":5}},"16":{"start":{"line":41,"column":2},"end":{"line":41,"column":9}}},"fnMap":{"0":{"name":"(anonymous_0)","decl":{"start":{"line":16,"column":31},"end":{"line":16,"column":32}},"loc":{"start":{"line":16,"column":38},"end":{"line":32,"column":1}},"line":16},"1":{"name":"(anonymous_1)","decl":{"start":{"line":35,"column":28},"end":{"line":35,"column":29}},"loc":{"start":{"line":35,"column":53},"end":{"line":42,"column":1}},"line":35}},"branchMap":{"0":{"loc":{"start":{"line":14,"column":0},"end":{"line":14,"column":69}},"type":"if","locations":[{"start":{"line":14,"column":0},"end":{"line":14,"column":69}},{"start":{"line":14,"column":0},"end":{"line":14,"column":69}}],"line":14},"1":{"loc":{"start":{"line":17,"column":2},"end":{"line":17,"column":68}},"type":"if","locations":[{"start":{"line":17,"column":2},"end":{"line":17,"column":68}},{"start":{"line":17,"column":2},"end":{"line":17,"column":68}}],"line":17},"2":{"loc":{"start":{"line":37,"column":13},"end":{"line":37,"column":30}},"type":"binary-expr","locations":[{"start":{"line":37,"column":13},"end":{"line":37,"column":23}},{"start":{"line":37,"column":27},"end":{"line":37,"column":30}}],"line":37},"3":{"loc":{"start":{"line":38,"column":13},"end":{"line":38,"column":47}},"type":"binary-expr","locations":[{"start":{"line":38,"column":13},"end":{"line":38,"column":24}},{"start":{"line":38,"column":28},"end":{"line":38,"column":47}}],"line":38}},"s":{"0":1,"1":1,"2":1,"3":0,"4":1,"5":1,"6":0,"7":1,"8":1,"9":1,"10":1,"11":1,"12":1,"13":1,"14":2,"15":2,"16":2},"f":{"0":1,"1":2},"b":{"0":[0,1],"1":[0,1],"2":[2,0],"3":[2,0]},"_coverageSchema":"332fd63041d2c1bcb487cc26dd0d5f7d97098a6c","hash":"b1c61ff63a7a69dbf9a8ebfd9a23cea6ef1ab1ae"}
,"/Users/patricklai/work/dm-hcard/src/validations.js": {"path":"/Users/patricklai/work/dm-hcard/src/validations.js","statementMap":{"0":{"start":{"line":9,"column":21},"end":{"line":9,"column":24}},"1":{"start":{"line":10,"column":4},"end":{"line":16,"column":5}},"2":{"start":{"line":11,"column":6},"end":{"line":11,"column":71}},"3":{"start":{"line":12,"column":6},"end":{"line":14,"column":8}},"4":{"start":{"line":15,"column":6},"end":{"line":15,"column":13}},"5":{"start":{"line":17,"column":4},"end":{"line":17,"column":11}},"6":{"start":{"line":20,"column":21},"end":{"line":20,"column":24}},"7":{"start":{"line":21,"column":4},"end":{"line":27,"column":5}},"8":{"start":{"line":22,"column":6},"end":{"line":22,"column":71}},"9":{"start":{"line":23,"column":6},"end":{"line":25,"column":8}},"10":{"start":{"line":26,"column":6},"end":{"line":26,"column":13}},"11":{"start":{"line":28,"column":4},"end":{"line":28,"column":11}}},"fnMap":{"0":{"name":"(anonymous_0)","decl":{"start":{"line":8,"column":10},"end":{"line":8,"column":11}},"loc":{"start":{"line":8,"column":30},"end":{"line":18,"column":3}},"line":8},"1":{"name":"(anonymous_1)","decl":{"start":{"line":19,"column":10},"end":{"line":19,"column":11}},"loc":{"start":{"line":19,"column":30},"end":{"line":29,"column":3}},"line":19}},"branchMap":{"0":{"loc":{"start":{"line":10,"column":4},"end":{"line":16,"column":5}},"type":"if","locations":[{"start":{"line":10,"column":4},"end":{"line":16,"column":5}},{"start":{"line":10,"column":4},"end":{"line":16,"column":5}}],"line":10},"1":{"loc":{"start":{"line":10,"column":8},"end":{"line":10,"column":48}},"type":"binary-expr","locations":[{"start":{"line":10,"column":8},"end":{"line":10,"column":25}},{"start":{"line":10,"column":29},"end":{"line":10,"column":48}}],"line":10},"2":{"loc":{"start":{"line":21,"column":4},"end":{"line":27,"column":5}},"type":"if","locations":[{"start":{"line":21,"column":4},"end":{"line":27,"column":5}},{"start":{"line":21,"column":4},"end":{"line":27,"column":5}}],"line":21},"3":{"loc":{"start":{"line":21,"column":8},"end":{"line":21,"column":48}},"type":"binary-expr","locations":[{"start":{"line":21,"column":8},"end":{"line":21,"column":25}},{"start":{"line":21,"column":29},"end":{"line":21,"column":48}}],"line":21}},"s":{"0":5,"1":5,"2":1,"3":1,"4":1,"5":4,"6":1,"7":1,"8":1,"9":1,"10":1,"11":0},"f":{"0":5,"1":1},"b":{"0":[1,4],"1":[5,5],"2":[1,0],"3":[1,1]},"_coverageSchema":"332fd63041d2c1bcb487cc26dd0d5f7d97098a6c","hash":"eeb847a2d40918d8fb54f636d9e4a8d91d3d6c10"}
,"/Users/patricklai/work/dm-hcard/src/_store/index.js": {"path":"/Users/patricklai/work/dm-hcard/src/_store/index.js","statementMap":{"0":{"start":{"line":12,"column":15},"end":{"line":12,"column":58}},"1":{"start":{"line":13,"column":24},"end":{"line":13,"column":68}},"2":{"start":{"line":15,"column":21},"end":{"line":15,"column":48}},"3":{"start":{"line":16,"column":4},"end":{"line":16,"column":52}}},"fnMap":{"0":{"name":"(anonymous_0)","decl":{"start":{"line":12,"column":8},"end":{"line":12,"column":9}},"loc":{"start":{"line":12,"column":15},"end":{"line":12,"column":58}},"line":12},"1":{"name":"(anonymous_1)","decl":{"start":{"line":13,"column":8},"end":{"line":13,"column":9}},"loc":{"start":{"line":13,"column":24},"end":{"line":13,"column":68}},"line":13},"2":{"name":"(anonymous_2)","decl":{"start":{"line":14,"column":11},"end":{"line":14,"column":12}},"loc":{"start":{"line":14,"column":33},"end":{"line":17,"column":3}},"line":14}},"branchMap":{"0":{"loc":{"start":{"line":12,"column":31},"end":{"line":12,"column":57}},"type":"binary-expr","locations":[{"start":{"line":12,"column":31},"end":{"line":12,"column":51}},{"start":{"line":12,"column":55},"end":{"line":12,"column":57}}],"line":12},"1":{"loc":{"start":{"line":15,"column":21},"end":{"line":15,"column":48}},"type":"binary-expr","locations":[{"start":{"line":15,"column":22},"end":{"line":15,"column":41}},{"start":{"line":15,"column":46},"end":{"line":15,"column":48}}],"line":15}},"s":{"0":18,"1":7,"2":5,"3":5},"f":{"0":18,"1":7,"2":5},"b":{"0":[18,6],"1":[5,0]},"_coverageSchema":"332fd63041d2c1bcb487cc26dd0d5f7d97098a6c","hash":"0b28c126f533c73bb1a2bfa42e301ab208348d90"}
}
