TN:
SF:/Users/patricklai/work/dm-hcard/assets/main.js
FN:1,(anonymous_0)
FN:1,(anonymous_1)
FN:1,e
FN:1,i
FN:1,(anonymous_4)
FN:1,(anonymous_5)
FN:1,r
FN:1,i
FN:1,o
FN:1,s
FN:1,a
FN:1,(anonymous_11)
FN:1,(anonymous_12)
FN:1,(anonymous_13)
FN:1,(anonymous_14)
FN:1,n
FN:1,(anonymous_16)
FN:1,(anonymous_17)
FN:1,(anonymous_18)
FN:1,(anonymous_19)
FN:1,(anonymous_20)
FN:1,(anonymous_21)
FN:1,(anonymous_22)
FN:1,(anonymous_23)
FN:1,i
FN:1,(anonymous_25)
FN:1,e
FN:1,(anonymous_27)
FN:1,(anonymous_28)
FN:1,(anonymous_29)
FN:1,(anonymous_30)
FN:1,(anonymous_31)
FN:1,(anonymous_32)
FN:1,(anonymous_33)
FN:1,(anonymous_34)
FN:1,(anonymous_35)
FN:1,(anonymous_36)
FN:1,(anonymous_37)
FN:1,(anonymous_38)
FN:1,(anonymous_39)
FN:1,r
FN:1,i
FN:1,o
FN:1,s
FN:1,a
FN:1,l
FN:1,u
FN:1,c
FN:1,(anonymous_48)
FN:1,(anonymous_49)
FN:1,(anonymous_50)
FN:1,(anonymous_51)
FN:1,(anonymous_52)
FN:1,(anonymous_53)
FN:1,(anonymous_54)
FN:1,(anonymous_55)
FN:1,r
FN:1,i
FN:1,(anonymous_58)
FN:1,(anonymous_59)
FN:1,(anonymous_60)
FN:1,(anonymous_61)
FN:1,r
FN:1,i
FN:1,o
FN:1,s
FN:1,(anonymous_66)
FN:1,e
FN:1,(anonymous_68)
FN:1,(anonymous_69)
FN:1,t
FN:1,(anonymous_71)
FN:1,(anonymous_72)
FN:1,(anonymous_73)
FN:1,(anonymous_74)
FN:1,(anonymous_75)
FN:1,(anonymous_76)
FN:1,r
FN:1,i
FN:1,o
FN:1,s
FN:1,(anonymous_81)
FN:1,e
FN:1,(anonymous_83)
FN:1,(anonymous_84)
FN:1,t
FN:1,(anonymous_86)
FN:1,(anonymous_87)
FN:1,(anonymous_88)
FN:1,(anonymous_89)
FN:1,(anonymous_90)
FN:1,r
FN:1,i
FN:1,o
FN:1,s
FN:1,(anonymous_95)
FN:1,e
FN:1,(anonymous_97)
FN:1,(anonymous_98)
FN:1,t
FN:1,(anonymous_100)
FN:1,(anonymous_101)
FN:1,(anonymous_102)
FN:1,r
FN:1,i
FN:1,o
FN:1,s
FN:1,(anonymous_107)
FN:1,e
FN:1,(anonymous_109)
FN:1,(anonymous_110)
FN:1,t
FN:1,e
FN:1,(anonymous_113)
FN:1,(anonymous_114)
FN:1,(anonymous_115)
FN:1,r
FN:1,i
FN:1,o
FN:1,s
FN:1,(anonymous_120)
FN:1,e
FN:1,(anonymous_122)
FN:1,(anonymous_123)
FN:1,t
FN:1,(anonymous_125)
FN:1,(anonymous_126)
FN:1,(anonymous_127)
FN:1,(anonymous_128)
FN:1,(anonymous_129)
FN:1,t
FN:1,r
FN:1,i
FN:1,o
FN:1,(anonymous_134)
FN:1,e
FN:1,(anonymous_136)
FN:1,(anonymous_137)
FN:1,t
FN:1,(anonymous_139)
FN:1,(anonymous_140)
FN:1,(anonymous_141)
FN:1,(anonymous_142)
FN:1,(anonymous_143)
FN:1,(anonymous_144)
FN:1,(anonymous_145)
FN:1,r
FN:1,i
FN:1,o
FN:1,s
FN:1,a
FN:1,(anonymous_151)
FN:1,e
FN:1,(anonymous_153)
FN:1,(anonymous_154)
FN:1,t
FN:1,(anonymous_156)
FN:1,(anonymous_157)
FN:1,(anonymous_158)
FN:1,(anonymous_159)
FN:1,(anonymous_160)
FN:1,r
FN:1,i
FN:1,o
FN:1,s
FN:1,(anonymous_165)
FN:1,e
FN:1,(anonymous_167)
FN:1,(anonymous_168)
FN:1,t
FN:1,(anonymous_170)
FN:1,(anonymous_171)
FN:1,(anonymous_172)
FN:1,(anonymous_173)
FNF:174
FNH:123
FNDA:1,(anonymous_0)
FNDA:1,(anonymous_1)
FNDA:1,e
FNDA:21,i
FNDA:19,(anonymous_4)
FNDA:1,(anonymous_5)
FNDA:1,r
FNDA:0,i
FNDA:0,o
FNDA:0,s
FNDA:0,a
FNDA:0,(anonymous_11)
FNDA:0,(anonymous_12)
FNDA:0,(anonymous_13)
FNDA:0,(anonymous_14)
FNDA:0,n
FNDA:0,(anonymous_16)
FNDA:0,(anonymous_17)
FNDA:0,(anonymous_18)
FNDA:0,(anonymous_19)
FNDA:0,(anonymous_20)
FNDA:1,(anonymous_21)
FNDA:1,(anonymous_22)
FNDA:1,(anonymous_23)
FNDA:1,i
FNDA:1,(anonymous_25)
FNDA:1,e
FNDA:1,(anonymous_27)
FNDA:0,(anonymous_28)
FNDA:0,(anonymous_29)
FNDA:0,(anonymous_30)
FNDA:0,(anonymous_31)
FNDA:0,(anonymous_32)
FNDA:0,(anonymous_33)
FNDA:0,(anonymous_34)
FNDA:1,(anonymous_35)
FNDA:1,(anonymous_36)
FNDA:0,(anonymous_37)
FNDA:0,(anonymous_38)
FNDA:1,(anonymous_39)
FNDA:0,r
FNDA:0,i
FNDA:0,o
FNDA:0,s
FNDA:0,a
FNDA:0,l
FNDA:0,u
FNDA:0,c
FNDA:1,(anonymous_48)
FNDA:0,(anonymous_49)
FNDA:0,(anonymous_50)
FNDA:0,(anonymous_51)
FNDA:0,(anonymous_52)
FNDA:0,(anonymous_53)
FNDA:0,(anonymous_54)
FNDA:1,(anonymous_55)
FNDA:1,r
FNDA:1,i
FNDA:0,(anonymous_58)
FNDA:0,(anonymous_59)
FNDA:1,(anonymous_60)
FNDA:1,(anonymous_61)
FNDA:4,r
FNDA:8,i
FNDA:8,o
FNDA:1,s
FNDA:1,(anonymous_66)
FNDA:1,e
FNDA:1,(anonymous_68)
FNDA:1,(anonymous_69)
FNDA:8,t
FNDA:0,(anonymous_71)
FNDA:0,(anonymous_72)
FNDA:0,(anonymous_73)
FNDA:8,(anonymous_74)
FNDA:1,(anonymous_75)
FNDA:1,(anonymous_76)
FNDA:3,r
FNDA:8,i
FNDA:8,o
FNDA:1,s
FNDA:1,(anonymous_81)
FNDA:1,e
FNDA:1,(anonymous_83)
FNDA:1,(anonymous_84)
FNDA:8,t
FNDA:0,(anonymous_86)
FNDA:0,(anonymous_87)
FNDA:8,(anonymous_88)
FNDA:1,(anonymous_89)
FNDA:1,(anonymous_90)
FNDA:2,r
FNDA:40,i
FNDA:40,o
FNDA:1,s
FNDA:1,(anonymous_95)
FNDA:1,e
FNDA:1,(anonymous_97)
FNDA:1,(anonymous_98)
FNDA:40,t
FNDA:40,(anonymous_100)
FNDA:1,(anonymous_101)
FNDA:1,(anonymous_102)
FNDA:2,r
FNDA:16,i
FNDA:16,o
FNDA:1,s
FNDA:1,(anonymous_107)
FNDA:1,e
FNDA:1,(anonymous_109)
FNDA:1,(anonymous_110)
FNDA:16,t
FNDA:16,e
FNDA:16,(anonymous_113)
FNDA:1,(anonymous_114)
FNDA:1,(anonymous_115)
FNDA:2,r
FNDA:80,i
FNDA:80,o
FNDA:1,s
FNDA:1,(anonymous_120)
FNDA:1,e
FNDA:1,(anonymous_122)
FNDA:1,(anonymous_123)
FNDA:80,t
FNDA:0,(anonymous_125)
FNDA:0,(anonymous_126)
FNDA:80,(anonymous_127)
FNDA:1,(anonymous_128)
FNDA:1,(anonymous_129)
FNDA:1,t
FNDA:8,r
FNDA:8,i
FNDA:1,o
FNDA:1,(anonymous_134)
FNDA:1,e
FNDA:1,(anonymous_136)
FNDA:1,(anonymous_137)
FNDA:8,t
FNDA:8,(anonymous_139)
FNDA:8,(anonymous_140)
FNDA:8,(anonymous_141)
FNDA:8,(anonymous_142)
FNDA:1,(anonymous_143)
FNDA:1,(anonymous_144)
FNDA:1,(anonymous_145)
FNDA:1,r
FNDA:2,i
FNDA:1,o
FNDA:1,s
FNDA:1,a
FNDA:1,(anonymous_151)
FNDA:1,e
FNDA:1,(anonymous_153)
FNDA:1,(anonymous_154)
FNDA:1,t
FNDA:8,(anonymous_156)
FNDA:12,(anonymous_157)
FNDA:12,(anonymous_158)
FNDA:0,(anonymous_159)
FNDA:1,(anonymous_160)
FNDA:1,r
FNDA:1,i
FNDA:1,o
FNDA:1,s
FNDA:1,(anonymous_165)
FNDA:1,e
FNDA:1,(anonymous_167)
FNDA:1,(anonymous_168)
FNDA:1,t
FNDA:0,(anonymous_170)
FNDA:0,(anonymous_171)
FNDA:0,(anonymous_172)
FNDA:0,(anonymous_173)
DA:1,80
LF:1
LH:1
BRDA:1,0,0,1
BRDA:1,0,1,0
BRDA:1,1,0,1
BRDA:1,1,1,1
BRDA:1,2,0,0
BRDA:1,2,1,0
BRDA:1,3,0,0
BRDA:1,3,1,0
BRDA:1,4,0,0
BRDA:1,4,1,0
BRDA:1,5,0,0
BRDA:1,5,1,0
BRDA:1,6,0,0
BRDA:1,6,1,0
BRDA:1,7,0,16
BRDA:1,7,1,5
BRDA:1,8,0,0
BRDA:1,8,1,16
BRDA:1,9,0,0
BRDA:1,9,1,0
BRDA:1,10,0,0
BRDA:1,10,1,0
BRDA:1,11,0,0
BRDA:1,11,1,0
BRDA:1,12,0,0
BRDA:1,12,1,0
BRDA:1,13,0,19
BRDA:1,13,1,0
BRDA:1,14,0,1
BRDA:1,14,1,1
BRDA:1,15,0,1
BRDA:1,15,1,1
BRDA:1,16,0,0
BRDA:1,16,1,0
BRDA:1,17,0,0
BRDA:1,17,1,0
BRDA:1,18,0,0
BRDA:1,18,1,0
BRDA:1,18,2,0
BRDA:1,19,0,0
BRDA:1,19,1,0
BRDA:1,20,0,0
BRDA:1,20,1,0
BRDA:1,21,0,0
BRDA:1,21,1,0
BRDA:1,21,2,0
BRDA:1,21,3,0
BRDA:1,22,0,0
BRDA:1,22,1,0
BRDA:1,23,0,0
BRDA:1,23,1,0
BRDA:1,24,0,0
BRDA:1,24,1,0
BRDA:1,25,0,0
BRDA:1,25,1,0
BRDA:1,25,2,0
BRDA:1,25,3,0
BRDA:1,26,0,0
BRDA:1,26,1,0
BRDA:1,27,0,0
BRDA:1,27,1,0
BRDA:1,28,0,0
BRDA:1,28,1,0
BRDA:1,29,0,0
BRDA:1,29,1,0
BRDA:1,30,0,0
BRDA:1,30,1,0
BRDA:1,31,0,0
BRDA:1,31,1,0
BRDA:1,32,0,0
BRDA:1,32,1,0
BRDA:1,33,0,0
BRDA:1,33,1,0
BRDA:1,33,2,0
BRDA:1,34,0,0
BRDA:1,34,1,0
BRDA:1,35,0,0
BRDA:1,35,1,0
BRDA:1,35,2,0
BRDA:1,35,3,0
BRDA:1,36,0,0
BRDA:1,36,1,0
BRDA:1,37,0,0
BRDA:1,37,1,0
BRDA:1,38,0,0
BRDA:1,38,1,0
BRDA:1,39,0,0
BRDA:1,39,1,0
BRDA:1,40,0,0
BRDA:1,40,1,0
BRDA:1,41,0,0
BRDA:1,41,1,0
BRDA:1,42,0,0
BRDA:1,42,1,0
BRDA:1,43,0,0
BRDA:1,43,1,0
BRDA:1,43,2,0
BRDA:1,44,0,0
BRDA:1,44,1,0
BRDA:1,45,0,0
BRDA:1,45,1,0
BRDA:1,46,0,0
BRDA:1,46,1,0
BRDA:1,47,0,0
BRDA:1,47,1,0
BRDA:1,47,2,0
BRDA:1,48,0,0
BRDA:1,48,1,0
BRDA:1,49,0,0
BRDA:1,49,1,0
BRDA:1,50,0,0
BRDA:1,50,1,0
BRDA:1,51,0,0
BRDA:1,51,1,0
BRDA:1,52,0,0
BRDA:1,52,1,0
BRDA:1,53,0,0
BRDA:1,53,1,0
BRDA:1,54,0,0
BRDA:1,54,1,0
BRDA:1,55,0,0
BRDA:1,55,1,0
BRDA:1,56,0,0
BRDA:1,56,1,0
BRDA:1,57,0,0
BRDA:1,57,1,0
BRDA:1,58,0,0
BRDA:1,58,1,0
BRDA:1,59,0,0
BRDA:1,59,1,0
BRDA:1,60,0,0
BRDA:1,60,1,0
BRDA:1,61,0,0
BRDA:1,61,1,0
BRDA:1,62,0,0
BRDA:1,62,1,0
BRDA:1,63,0,0
BRDA:1,63,1,0
BRDA:1,64,0,0
BRDA:1,64,1,0
BRDA:1,65,0,0
BRDA:1,65,1,1
BRDA:1,66,0,0
BRDA:1,66,1,0
BRDA:1,67,0,0
BRDA:1,67,1,0
BRDA:1,68,0,0
BRDA:1,68,1,0
BRDA:1,69,0,0
BRDA:1,69,1,0
BRDA:1,70,0,0
BRDA:1,70,1,0
BRDA:1,71,0,0
BRDA:1,71,1,0
BRDA:1,72,0,0
BRDA:1,72,1,0
BRDA:1,73,0,0
BRDA:1,73,1,0
BRDA:1,74,0,0
BRDA:1,74,1,0
BRDA:1,75,0,0
BRDA:1,75,1,0
BRDA:1,76,0,0
BRDA:1,76,1,0
BRDA:1,77,0,0
BRDA:1,77,1,0
BRDA:1,78,0,0
BRDA:1,78,1,0
BRDA:1,79,0,0
BRDA:1,79,1,0
BRDA:1,80,0,0
BRDA:1,80,1,0
BRDA:1,81,0,0
BRDA:1,81,1,0
BRDA:1,82,0,0
BRDA:1,82,1,0
BRDA:1,83,0,0
BRDA:1,83,1,0
BRDA:1,84,0,0
BRDA:1,84,1,0
BRDA:1,84,2,0
BRDA:1,85,0,0
BRDA:1,85,1,0
BRDA:1,86,0,0
BRDA:1,86,1,0
BRDA:1,87,0,0
BRDA:1,87,1,0
BRDA:1,87,2,0
BRDA:1,88,0,0
BRDA:1,88,1,0
BRDA:1,88,2,0
BRDA:1,89,0,0
BRDA:1,89,1,0
BRDA:1,90,0,0
BRDA:1,90,1,0
BRDA:1,91,0,0
BRDA:1,91,1,0
BRDA:1,92,0,0
BRDA:1,92,1,0
BRDA:1,93,0,1
BRDA:1,93,1,0
BRDA:1,94,0,1
BRDA:1,94,1,0
BRDA:1,95,0,0
BRDA:1,95,1,0
BRDA:1,96,0,0
BRDA:1,96,1,0
BRDA:1,96,2,0
BRDA:1,97,0,1
BRDA:1,97,1,0
BRDA:1,98,0,1
BRDA:1,98,1,1
BRDA:1,99,0,0
BRDA:1,99,1,0
BRDA:1,100,0,0
BRDA:1,100,1,0
BRDA:1,101,0,1
BRDA:1,101,1,0
BRDA:1,102,0,1
BRDA:1,102,1,1
BRDA:1,103,0,3
BRDA:1,103,1,1
BRDA:1,104,0,4
BRDA:1,104,1,4
BRDA:1,105,0,0
BRDA:1,105,1,8
BRDA:1,106,0,0
BRDA:1,106,1,8
BRDA:1,107,0,8
BRDA:1,107,1,0
BRDA:1,108,0,8
BRDA:1,108,1,0
BRDA:1,108,2,0
BRDA:1,109,0,0
BRDA:1,109,1,1
BRDA:1,110,0,1
BRDA:1,110,1,0
BRDA:1,111,0,1
BRDA:1,111,1,1
BRDA:1,112,0,1
BRDA:1,112,1,1
BRDA:1,113,0,1
BRDA:1,113,1,0
BRDA:1,114,0,1
BRDA:1,114,1,1
BRDA:1,115,0,1
BRDA:1,115,1,1
BRDA:1,116,0,1
BRDA:1,116,1,1
BRDA:1,117,0,1
BRDA:1,117,1,0
BRDA:1,118,0,1
BRDA:1,118,1,0
BRDA:1,119,0,0
BRDA:1,119,1,0
BRDA:1,120,0,8
BRDA:1,120,1,0
BRDA:1,121,0,1
BRDA:1,121,1,0
BRDA:1,122,0,0
BRDA:1,122,1,0
BRDA:1,123,0,0
BRDA:1,123,1,0
BRDA:1,124,0,2
BRDA:1,124,1,1
BRDA:1,125,0,3
BRDA:1,125,1,3
BRDA:1,126,0,0
BRDA:1,126,1,8
BRDA:1,127,0,0
BRDA:1,127,1,8
BRDA:1,128,0,8
BRDA:1,128,1,0
BRDA:1,129,0,8
BRDA:1,129,1,0
BRDA:1,129,2,0
BRDA:1,130,0,0
BRDA:1,130,1,1
BRDA:1,131,0,1
BRDA:1,131,1,0
BRDA:1,132,0,1
BRDA:1,132,1,1
BRDA:1,133,0,1
BRDA:1,133,1,1
BRDA:1,134,0,1
BRDA:1,134,1,0
BRDA:1,135,0,1
BRDA:1,135,1,1
BRDA:1,136,0,1
BRDA:1,136,1,1
BRDA:1,137,0,1
BRDA:1,137,1,1
BRDA:1,138,0,1
BRDA:1,138,1,0
BRDA:1,139,0,1
BRDA:1,139,1,0
BRDA:1,140,0,0
BRDA:1,140,1,0
BRDA:1,141,0,8
BRDA:1,141,1,0
BRDA:1,142,0,0
BRDA:1,142,1,0
BRDA:1,143,0,0
BRDA:1,143,1,0
BRDA:1,144,0,1
BRDA:1,144,1,0
BRDA:1,145,0,0
BRDA:1,145,1,0
BRDA:1,146,0,0
BRDA:1,146,1,0
BRDA:1,147,0,1
BRDA:1,147,1,1
BRDA:1,148,0,2
BRDA:1,148,1,2
BRDA:1,149,0,0
BRDA:1,149,1,40
BRDA:1,150,0,0
BRDA:1,150,1,40
BRDA:1,151,0,40
BRDA:1,151,1,0
BRDA:1,152,0,40
BRDA:1,152,1,0
BRDA:1,152,2,0
BRDA:1,153,0,0
BRDA:1,153,1,1
BRDA:1,154,0,1
BRDA:1,154,1,0
BRDA:1,155,0,1
BRDA:1,155,1,1
BRDA:1,156,0,1
BRDA:1,156,1,1
BRDA:1,157,0,1
BRDA:1,157,1,0
BRDA:1,158,0,1
BRDA:1,158,1,1
BRDA:1,159,0,1
BRDA:1,159,1,1
BRDA:1,160,0,1
BRDA:1,160,1,1
BRDA:1,161,0,1
BRDA:1,161,1,0
BRDA:1,162,0,1
BRDA:1,162,1,0
BRDA:1,163,0,0
BRDA:1,163,1,0
BRDA:1,164,0,40
BRDA:1,164,1,0
BRDA:1,165,0,1
BRDA:1,165,1,0
BRDA:1,166,0,0
BRDA:1,166,1,0
BRDA:1,167,0,0
BRDA:1,167,1,0
BRDA:1,168,0,1
BRDA:1,168,1,1
BRDA:1,169,0,2
BRDA:1,169,1,2
BRDA:1,170,0,0
BRDA:1,170,1,16
BRDA:1,171,0,0
BRDA:1,171,1,16
BRDA:1,172,0,16
BRDA:1,172,1,0
BRDA:1,173,0,16
BRDA:1,173,1,0
BRDA:1,173,2,0
BRDA:1,174,0,0
BRDA:1,174,1,1
BRDA:1,175,0,1
BRDA:1,175,1,0
BRDA:1,176,0,1
BRDA:1,176,1,1
BRDA:1,177,0,1
BRDA:1,177,1,1
BRDA:1,178,0,1
BRDA:1,178,1,0
BRDA:1,179,0,2
BRDA:1,179,1,2
BRDA:1,180,0,2
BRDA:1,180,1,2
BRDA:1,181,0,1
BRDA:1,181,1,1
BRDA:1,182,0,1
BRDA:1,182,1,0
BRDA:1,183,0,1
BRDA:1,183,1,0
BRDA:1,184,0,0
BRDA:1,184,1,0
BRDA:1,185,0,16
BRDA:1,185,1,0
BRDA:1,186,0,1
BRDA:1,186,1,0
BRDA:1,187,0,0
BRDA:1,187,1,0
BRDA:1,188,0,0
BRDA:1,188,1,0
BRDA:1,189,0,1
BRDA:1,189,1,1
BRDA:1,190,0,2
BRDA:1,190,1,2
BRDA:1,191,0,0
BRDA:1,191,1,80
BRDA:1,192,0,0
BRDA:1,192,1,80
BRDA:1,193,0,80
BRDA:1,193,1,0
BRDA:1,194,0,80
BRDA:1,194,1,0
BRDA:1,194,2,0
BRDA:1,195,0,0
BRDA:1,195,1,1
BRDA:1,196,0,1
BRDA:1,196,1,0
BRDA:1,197,0,1
BRDA:1,197,1,1
BRDA:1,198,0,1
BRDA:1,198,1,1
BRDA:1,199,0,1
BRDA:1,199,1,0
BRDA:1,200,0,1
BRDA:1,200,1,1
BRDA:1,201,0,1
BRDA:1,201,1,1
BRDA:1,202,0,1
BRDA:1,202,1,1
BRDA:1,203,0,1
BRDA:1,203,1,0
BRDA:1,204,0,1
BRDA:1,204,1,0
BRDA:1,205,0,0
BRDA:1,205,1,0
BRDA:1,206,0,80
BRDA:1,206,1,0
BRDA:1,207,0,1
BRDA:1,207,1,0
BRDA:1,208,0,0
BRDA:1,208,1,0
BRDA:1,209,0,0
BRDA:1,209,1,0
BRDA:1,210,0,0
BRDA:1,210,1,1
BRDA:1,211,0,1
BRDA:1,211,1,1
BRDA:1,212,0,0
BRDA:1,212,1,8
BRDA:1,213,0,0
BRDA:1,213,1,8
BRDA:1,214,0,8
BRDA:1,214,1,0
BRDA:1,215,0,8
BRDA:1,215,1,0
BRDA:1,215,2,0
BRDA:1,216,0,0
BRDA:1,216,1,1
BRDA:1,217,0,1
BRDA:1,217,1,0
BRDA:1,218,0,1
BRDA:1,218,1,1
BRDA:1,219,0,1
BRDA:1,219,1,1
BRDA:1,220,0,1
BRDA:1,220,1,0
BRDA:1,221,0,4
BRDA:1,221,1,4
BRDA:1,222,0,4
BRDA:1,222,1,4
BRDA:1,223,0,1
BRDA:1,223,1,1
BRDA:1,224,0,1
BRDA:1,224,1,0
BRDA:1,225,0,1
BRDA:1,225,1,0
BRDA:1,226,0,0
BRDA:1,226,1,0
BRDA:1,227,0,8
BRDA:1,227,1,0
BRDA:1,228,0,1
BRDA:1,228,1,0
BRDA:1,229,0,0
BRDA:1,229,1,0
BRDA:1,230,0,0
BRDA:1,230,1,0
BRDA:1,231,0,1
BRDA:1,231,1,0
BRDA:1,232,0,1
BRDA:1,232,1,1
BRDA:1,233,0,0
BRDA:1,233,1,0
BRDA:1,234,0,0
BRDA:1,234,1,0
BRDA:1,235,0,2
BRDA:1,235,1,0
BRDA:1,236,0,2
BRDA:1,236,1,2
BRDA:1,237,0,0
BRDA:1,237,1,1
BRDA:1,238,0,0
BRDA:1,238,1,1
BRDA:1,239,0,0
BRDA:1,239,1,1
BRDA:1,240,0,1
BRDA:1,240,1,1
BRDA:1,240,2,0
BRDA:1,241,0,0
BRDA:1,241,1,1
BRDA:1,242,0,1
BRDA:1,242,1,0
BRDA:1,243,0,1
BRDA:1,243,1,1
BRDA:1,244,0,1
BRDA:1,244,1,1
BRDA:1,245,0,1
BRDA:1,245,1,0
BRDA:1,246,0,1
BRDA:1,246,1,1
BRDA:1,247,0,1
BRDA:1,247,1,1
BRDA:1,248,0,1
BRDA:1,248,1,1
BRDA:1,249,0,1
BRDA:1,249,1,0
BRDA:1,250,0,1
BRDA:1,250,1,0
BRDA:1,251,0,0
BRDA:1,251,1,0
BRDA:1,252,0,0
BRDA:1,252,1,0
BRDA:1,253,0,0
BRDA:1,253,1,1
BRDA:1,254,0,1
BRDA:1,254,1,1
BRDA:1,255,0,0
BRDA:1,255,1,1
BRDA:1,256,0,0
BRDA:1,256,1,1
BRDA:1,257,0,1
BRDA:1,257,1,0
BRDA:1,258,0,1
BRDA:1,258,1,0
BRDA:1,258,2,0
BRDA:1,259,0,0
BRDA:1,259,1,1
BRDA:1,260,0,1
BRDA:1,260,1,0
BRDA:1,261,0,1
BRDA:1,261,1,1
BRDA:1,262,0,1
BRDA:1,262,1,1
BRDA:1,263,0,1
BRDA:1,263,1,0
BRDA:1,264,0,4
BRDA:1,264,1,4
BRDA:1,265,0,4
BRDA:1,265,1,4
BRDA:1,266,0,1
BRDA:1,266,1,1
BRDA:1,267,0,1
BRDA:1,267,1,0
BRDA:1,268,0,1
BRDA:1,268,1,0
BRF:560
BRH:217
end_of_record
TN:
SF:/Users/patricklai/work/dm-hcard/src/_ExpressError.js
FN:7,(anonymous_0)
FNF:1
FNH:1
FNDA:2,(anonymous_0)
DA:8,2
DA:9,2
DA:10,2
DA:11,2
LF:4
LH:4
BRDA:9,0,0,2
BRDA:9,0,1,0
BRF:2
BRH:1
end_of_record
TN:
SF:/Users/patricklai/work/dm-hcard/src/index.js
FN:40,(anonymous_0)
FN:50,(anonymous_1)
FN:60,(anonymous_2)
FN:77,(anonymous_3)
FNF:4
FNH:3
FNDA:4,(anonymous_0)
FNDA:0,(anonymous_1)
FNDA:8,(anonymous_2)
FNDA:1,(anonymous_3)
DA:5,1
DA:21,1
DA:23,1
DA:26,1
DA:28,1
DA:31,1
DA:32,1
DA:35,1
DA:38,1
DA:40,1
DA:41,4
DA:43,4
DA:44,4
DA:46,0
DA:50,1
DA:51,0
DA:53,0
DA:54,0
DA:56,0
DA:60,1
DA:61,8
DA:63,8
DA:65,8
DA:70,0
DA:75,1
DA:78,1
LF:26
LH:20
BRDA:26,0,0,0
BRF:1
BRH:0
end_of_record
TN:
SF:/Users/patricklai/work/dm-hcard/src/logger.js
FNF:0
FNH:0
LF:0
LH:0
BRF:0
BRH:0
end_of_record
TN:
SF:/Users/patricklai/work/dm-hcard/src/middlewares.js
FN:18,(anonymous_0)
FN:37,(anonymous_1)
FNF:2
FNH:2
FNDA:1,(anonymous_0)
FNDA:2,(anonymous_1)
DA:5,1
DA:13,1
DA:15,1
DA:18,1
DA:19,1
DA:21,1
DA:22,1
DA:23,1
DA:24,1
DA:25,1
DA:26,1
DA:37,1
DA:38,2
DA:39,2
DA:43,2
LF:15
LH:15
BRDA:15,0,0,0
BRDA:15,0,1,1
BRDA:19,1,0,0
BRDA:19,1,1,1
BRDA:39,2,0,2
BRDA:39,2,1,0
BRDA:40,3,0,2
BRDA:40,3,1,0
BRF:8
BRH:4
end_of_record
TN:
SF:/Users/patricklai/work/dm-hcard/src/validations.js
FN:10,(anonymous_0)
FN:22,(anonymous_1)
FNF:2
FNH:2
FNDA:5,(anonymous_0)
FNDA:1,(anonymous_1)
DA:11,5
DA:12,5
DA:13,1
DA:14,1
DA:17,1
DA:20,4
DA:23,1
DA:24,1
DA:25,1
DA:26,1
DA:29,1
DA:32,0
LF:12
LH:11
BRDA:12,0,0,1
BRDA:12,0,1,4
BRDA:12,1,0,5
BRDA:12,1,1,5
BRDA:24,2,0,1
BRDA:24,2,1,0
BRDA:24,3,0,1
BRDA:24,3,1,1
BRF:8
BRH:7
end_of_record
TN:
SF:/Users/patricklai/work/dm-hcard/src/_store/index.js
FN:12,(anonymous_0)
FN:13,(anonymous_1)
FN:16,(anonymous_2)
FNF:3
FNH:3
FNDA:18,(anonymous_0)
FNDA:7,(anonymous_1)
FNDA:5,(anonymous_2)
DA:12,18
DA:13,7
DA:17,5
DA:18,5
LF:4
LH:4
BRDA:12,0,0,18
BRDA:12,0,1,6
BRDA:17,1,0,5
BRDA:17,1,1,0
BRF:4
BRH:3
end_of_record
